{"meta": {"format": 3, "version": "7.13.1", "timestamp": "2026-02-21T13:14:49.761589", "branch_coverage": true, "show_contexts": false}, "files": {"src\\resonance_audio_builder\\__init__.py": {"executed_lines": [], "summary": {"covered_lines": 0, "num_statements": 0, "percent_covered": 100.0, "percent_covered_display": "100", "missing_lines": 0, "excluded_lines": 0, "percent_statements_covered": 100.0, "percent_statements_covered_display": "100", "num_branches": 0, "num_partial_branches": 0, "covered_branches": 0, "missing_branches": 0, "percent_branches_covered": 100.0, "percent_branches_covered_display": "100"}, "missing_lines": [], "excluded_lines": [], "executed_branches": [], "missing_branches": [], "functions": {"": {"executed_lines": [], "summary": {"covered_lines": 0, "num_statements": 0, "percent_covered": 100.0, "percent_covered_display": "100", "missing_lines": 0, "excluded_lines": 0, "percent_statements_covered": 100.0, "percent_statements_covered_display": "100", "num_branches": 0, "num_partial_branches": 0, "covered_branches": 0, "missing_branches": 0, "percent_branches_covered": 100.0, "percent_branches_covered_display": "100"}, "missing_lines": [], "excluded_lines": [], "start_line": 1, "executed_branches": [], "missing_branches": []}}, "classes": {"": {"executed_lines": [], "summary": {"covered_lines": 0, "num_statements": 0, "percent_covered": 100.0, "percent_covered_display": "100", "missing_lines": 0, "excluded_lines": 0, "percent_statements_covered": 100.0, "percent_statements_covered_display": "100", "num_branches": 0, "num_partial_branches": 0, "covered_branches": 0, "missing_branches": 0, "percent_branches_covered": 100.0, "percent_branches_covered_display": "100"}, "missing_lines": [], "excluded_lines": [], "start_line": 1, "executed_branches": [], "missing_branches": []}}}, "src\\resonance_audio_builder\\audio\\__init__.py": {"executed_lines": [], "summary": {"covered_lines": 0, "num_statements": 0, "percent_covered": 100.0, "percent_covered_display": "100", "missing_lines": 0, "excluded_lines": 0, "percent_statements_covered": 100.0, "percent_statements_covered_display": "100", "num_branches": 0, "num_partial_branches": 0, "covered_branches": 0, "missing_branches": 0, "percent_branches_covered": 100.0, "percent_branches_covered_display": "100"}, "missing_lines": [], "excluded_lines": [], "executed_branches": [], "missing_branches": [], "functions": {"": {"executed_lines": [], "summary": {"covered_lines": 0, "num_statements": 0, "percent_covered": 100.0, "percent_covered_display": "100", "missing_lines": 0, "excluded_lines": 0, "percent_statements_covered": 100.0, "percent_statements_covered_display": "100", "num_branches": 0, "num_partial_branches": 0, "covered_branches": 0, "missing_branches": 0, "percent_branches_covered": 100.0, "percent_branches_covered_display": "100"}, "missing_lines": [], "excluded_lines": [], "start_line": 1, "executed_branches": [], "missing_branches": []}}, "classes": {"": {"executed_lines": [], "summary": {"covered_lines": 0, "num_statements": 0, "percent_covered": 100.0, "percent_covered_display": "100", "missing_lines": 0, "excluded_lines": 0, "percent_statements_covered": 100.0, "percent_statements_covered_display": "100", "num_branches": 0, "num_partial_branches": 0, "covered_branches": 0, "missing_branches": 0, "percent_branches_covered": 100.0, "percent_branches_covered_display": "100"}, "missing_lines": [], "excluded_lines": [], "start_line": 1, "executed_branches": [], "missing_branches": []}}}, "src\\resonance_audio_builder\\audio\\analysis.py": {"executed_lines": [3, 4, 5, 6, 7, 9, 12, 15, 16, 17, 19, 25, 26, 37, 48, 49, 63, 68, 69, 70, 76, 78, 79, 80, 82, 84, 85, 86], "summary": {"covered_lines": 28, "num_statements": 28, "percent_covered": 100.0, "percent_covered_display": "100", "missing_lines": 0, "excluded_lines": 0, "percent_statements_covered": 100.0, "percent_statements_covered_display": "100", "num_branches": 6, "num_partial_branches": 0, "covered_branches": 6, "missing_branches": 0, "percent_branches_covered": 100.0, "percent_branches_covered_display": "100"}, "missing_lines": [], "excluded_lines": [], "executed_branches": [[25, 26], [25, 37], [69, 70], [69, 82], [78, 79], [78, 80]], "missing_branches": [], "functions": {"AudioAnalyzer.__init__": {"executed_lines": [16, 17], "summary": {"covered_lines": 2, "num_statements": 2, "percent_covered": 100.0, "percent_covered_display": "100", "missing_lines": 0, "excluded_lines": 0, "percent_statements_covered": 100.0, "percent_statements_covered_display": "100", "num_branches": 0, "num_partial_branches": 0, "covered_branches": 0, "missing_branches": 0, "percent_branches_covered": 100.0, "percent_branches_covered_display": "100"}, "missing_lines": [], "excluded_lines": [], "start_line": 15, "executed_branches": [], "missing_branches": []}, "AudioAnalyzer.analyze_integrity": {"executed_lines": [25, 26, 37, 48, 49, 63, 68, 69, 70, 76, 78, 79, 80, 82, 84, 85, 86], "summary": {"covered_lines": 17, "num_statements": 17, "percent_covered": 100.0, "percent_covered_display": "100", "missing_lines": 0, "excluded_lines": 0, "percent_statements_covered": 100.0, "percent_statements_covered_display": "100", "num_branches": 6, "num_partial_branches": 0, "covered_branches": 6, "missing_branches": 0, "percent_branches_covered": 100.0, "percent_branches_covered_display": "100"}, "missing_lines": [], "excluded_lines": [], "start_line": 19, "executed_branches": [[25, 26], [25, 37], [69, 70], [69, 82], [78, 79], [78, 80]], "missing_branches": []}, "": {"executed_lines": [3, 4, 5, 6, 7, 9, 12, 15, 19], "summary": {"covered_lines": 9, "num_statements": 9, "percent_covered": 100.0, "percent_covered_display": "100", "missing_lines": 0, "excluded_lines": 0, "percent_statements_covered": 100.0, "percent_statements_covered_display": "100", "num_branches": 0, "num_partial_branches": 0, "covered_branches": 0, "missing_branches": 0, "percent_branches_covered": 100.0, "percent_branches_covered_display": "100"}, "missing_lines": [], "excluded_lines": [], "start_line": 1, "executed_branches": [], "missing_branches": []}}, "classes": {"AudioAnalyzer": {"executed_lines": [16, 17, 25, 26, 37, 48, 49, 63, 68, 69, 70, 76, 78, 79, 80, 82, 84, 85, 86], "summary": {"covered_lines": 19, "num_statements": 19, "percent_covered": 100.0, "percent_covered_display": "100", "missing_lines": 0, "excluded_lines": 0, "percent_statements_covered": 100.0, "percent_statements_covered_display": "100", "num_branches": 6, "num_partial_branches": 0, "covered_branches": 6, "missing_branches": 0, "percent_branches_covered": 100.0, "percent_branches_covered_display": "100"}, "missing_lines": [], "excluded_lines": [], "start_line": 12, "executed_branches": [[25, 26], [25, 37], [69, 70], [69, 82], [78, 79], [78, 80]], "missing_branches": []}, "": {"executed_lines": [3, 4, 5, 6, 7, 9, 12, 15, 19], "summary": {"covered_lines": 9, "num_statements": 9, "percent_covered": 100.0, "percent_covered_display": "100", "missing_lines": 0, "excluded_lines": 0, "percent_statements_covered": 100.0, "percent_statements_covered_display": "100", "num_branches": 0, "num_partial_branches": 0, "covered_branches": 0, "missing_branches": 0, "percent_branches_covered": 100.0, "percent_branches_covered_display": "100"}, "missing_lines": [], "excluded_lines": [], "start_line": 1, "executed_branches": [], "missing_branches": []}}}, "src\\resonance_audio_builder\\audio\\audit.py": {"executed_lines": [3, 4, 5, 7, 9, 10, 13, 14, 17, 18, 19, 20, 21, 22, 23, 26, 29, 30, 31, 33, 37, 39, 40, 41, 43, 44, 45, 47, 49, 50, 51, 52, 54, 55, 57, 59, 61, 62, 63, 65, 66, 72, 74, 75, 78, 79, 82, 83, 86, 87, 93, 95, 96], "summary": {"covered_lines": 53, "num_statements": 59, "percent_covered": 88.0, "percent_covered_display": "88", "missing_lines": 6, "excluded_lines": 0, "percent_statements_covered": 89.83050847457628, "percent_statements_covered_display": "90", "num_branches": 16, "num_partial_branches": 3, "covered_branches": 13, "missing_branches": 3, "percent_branches_covered": 81.25, "percent_branches_covered_display": "81"}, "missing_lines": [68, 69, 70, 89, 90, 91], "excluded_lines": [], "executed_branches": [[39, 40], [43, 44], [54, 55], [54, 57], [65, -59], [65, 66], [78, 79], [78, 82], [82, 83], [82, 86], [86, -72], [86, 87], [95, 96]], "missing_branches": [[39, 43], [43, 47], [95, -93]], "functions": {"AudioAuditor.__init__": {"executed_lines": [30, 31], "summary": {"covered_lines": 2, "num_statements": 2, "percent_covered": 100.0, "percent_covered_display": "100", "missing_lines": 0, "excluded_lines": 0, "percent_statements_covered": 100.0, "percent_statements_covered_display": "100", "num_branches": 0, "num_partial_branches": 0, "covered_branches": 0, "missing_branches": 0, "percent_branches_covered": 100.0, "percent_branches_covered_display": "100"}, "missing_lines": [], "excluded_lines": [], "start_line": 29, "executed_branches": [], "missing_branches": []}, "AudioAuditor.scan_library": {"executed_lines": [37, 39, 40, 41, 43, 44, 45, 47], "summary": {"covered_lines": 8, "num_statements": 8, "percent_covered": 83.33333333333333, "percent_covered_display": "83", "missing_lines": 0, "excluded_lines": 0, "percent_statements_covered": 100.0, "percent_statements_covered_display": "100", "num_branches": 4, "num_partial_branches": 2, "covered_branches": 2, "missing_branches": 2, "percent_branches_covered": 50.0, "percent_branches_covered_display": "50"}, "missing_lines": [], "excluded_lines": [], "start_line": 33, "executed_branches": [[39, 40], [43, 44]], "missing_branches": [[39, 43], [43, 47]]}, "AudioAuditor._audit_folder": {"executed_lines": [50, 51, 52, 54, 55, 57], "summary": {"covered_lines": 6, "num_statements": 6, "percent_covered": 100.0, "percent_covered_display": "100", "missing_lines": 0, "excluded_lines": 0, "percent_statements_covered": 100.0, "percent_statements_covered_display": "100", "num_branches": 2, "num_partial_branches": 0, "covered_branches": 2, "missing_branches": 0, "percent_branches_covered": 100.0, "percent_branches_covered_display": "100"}, "missing_lines": [], "excluded_lines": [], "start_line": 49, "executed_branches": [[54, 55], [54, 57]], "missing_branches": []}, "AudioAuditor._audit_single_file": {"executed_lines": [61, 62, 63, 65, 66], "summary": {"covered_lines": 5, "num_statements": 8, "percent_covered": 70.0, "percent_covered_display": "70", "missing_lines": 3, "excluded_lines": 0, "percent_statements_covered": 62.5, "percent_statements_covered_display": "62", "num_branches": 2, "num_partial_branches": 0, "covered_branches": 2, "missing_branches": 0, "percent_branches_covered": 100.0, "percent_branches_covered_display": "100"}, "missing_lines": [68, 69, 70], "excluded_lines": [], "start_line": 59, "executed_branches": [[65, -59], [65, 66]], "missing_branches": []}, "AudioAuditor._check_file_tags": {"executed_lines": [74, 75, 78, 79, 82, 83, 86, 87], "summary": {"covered_lines": 8, "num_statements": 11, "percent_covered": 82.3529411764706, "percent_covered_display": "82", "missing_lines": 3, "excluded_lines": 0, "percent_statements_covered": 72.72727272727273, "percent_statements_covered_display": "73", "num_branches": 6, "num_partial_branches": 0, "covered_branches": 6, "missing_branches": 0, "percent_branches_covered": 100.0, "percent_branches_covered_display": "100"}, "missing_lines": [89, 90, 91], "excluded_lines": [], "start_line": 72, "executed_branches": [[78, 79], [78, 82], [82, 83], [82, 86], [86, -72], [86, 87]], "missing_branches": []}, "AudioAuditor._check_spectral_integrity": {"executed_lines": [95, 96], "summary": {"covered_lines": 2, "num_statements": 2, "percent_covered": 75.0, "percent_covered_display": "75", "missing_lines": 0, "excluded_lines": 0, "percent_statements_covered": 100.0, "percent_statements_covered_display": "100", "num_branches": 2, "num_partial_branches": 1, "covered_branches": 1, "missing_branches": 1, "percent_branches_covered": 50.0, "percent_branches_covered_display": "50"}, "missing_lines": [], "excluded_lines": [], "start_line": 93, "executed_branches": [[95, 96]], "missing_branches": [[95, -93]]}, "": {"executed_lines": [3, 4, 5, 7, 9, 10, 13, 14, 17, 18, 19, 20, 21, 22, 23, 26, 29, 33, 49, 59, 72, 93], "summary": {"covered_lines": 22, "num_statements": 22, "percent_covered": 100.0, "percent_covered_display": "100", "missing_lines": 0, "excluded_lines": 0, "percent_statements_covered": 100.0, "percent_statements_covered_display": "100", "num_branches": 0, "num_partial_branches": 0, "covered_branches": 0, "missing_branches": 0, "percent_branches_covered": 100.0, "percent_branches_covered_display": "100"}, "missing_lines": [], "excluded_lines": [], "start_line": 1, "executed_branches": [], "missing_branches": []}}, "classes": {"AuditResult": {"executed_lines": [], "summary": {"covered_lines": 0, "num_statements": 0, "percent_covered": 100.0, "percent_covered_display": "100", "missing_lines": 0, "excluded_lines": 0, "percent_statements_covered": 100.0, "percent_statements_covered_display": "100", "num_branches": 0, "num_partial_branches": 0, "covered_branches": 0, "missing_branches": 0, "percent_branches_covered": 100.0, "percent_branches_covered_display": "100"}, "missing_lines": [], "excluded_lines": [], "start_line": 14, "executed_branches": [], "missing_branches": []}, "AudioAuditor": {"executed_lines": [30, 31, 37, 39, 40, 41, 43, 44, 45, 47, 50, 51, 52, 54, 55, 57, 61, 62, 63, 65, 66, 74, 75, 78, 79, 82, 83, 86, 87, 95, 96], "summary": {"covered_lines": 31, "num_statements": 37, "percent_covered": 83.01886792452831, "percent_covered_display": "83", "missing_lines": 6, "excluded_lines": 0, "percent_statements_covered": 83.78378378378379, "percent_statements_covered_display": "84", "num_branches": 16, "num_partial_branches": 3, "covered_branches": 13, "missing_branches": 3, "percent_branches_covered": 81.25, "percent_branches_covered_display": "81"}, "missing_lines": [68, 69, 70, 89, 90, 91], "excluded_lines": [], "start_line": 26, "executed_branches": [[39, 40], [43, 44], [54, 55], [54, 57], [65, -59], [65, 66], [78, 79], [78, 82], [82, 83], [82, 86], [86, -72], [86, 87], [95, 96]], "missing_branches": [[39, 43], [43, 47], [95, -93]]}, "": {"executed_lines": [3, 4, 5, 7, 9, 10, 13, 14, 17, 18, 19, 20, 21, 22, 23, 26, 29, 33, 49, 59, 72, 93], "summary": {"covered_lines": 22, "num_statements": 22, "percent_covered": 100.0, "percent_covered_display": "100", "missing_lines": 0, "excluded_lines": 0, "percent_statements_covered": 100.0, "percent_statements_covered_display": "100", "num_branches": 0, "num_partial_branches": 0, "covered_branches": 0, "missing_branches": 0, "percent_branches_covered": 100.0, "percent_branches_covered_display": "100"}, "missing_lines": [], "excluded_lines": [], "start_line": 1, "executed_branches": [], "missing_branches": []}}}, "src\\resonance_audio_builder\\audio\\downloader.py": {"executed_lines": [1, 2, 3, 4, 5, 6, 7, 8, 9, 10, 12, 13, 14, 15, 17, 18, 19, 20, 21, 22, 23, 31, 32, 33, 36, 37, 40, 41, 42, 43, 44, 47, 50, 51, 52, 53, 54, 55, 56, 58, 60, 61, 63, 64, 67, 73, 75, 78, 79, 80, 85, 90, 91, 92, 93, 95, 96, 97, 99, 100, 104, 106, 107, 109, 110, 112, 113, 114, 115, 117, 118, 120, 124, 125, 126, 128, 129, 132, 134, 138, 139, 141, 142, 144, 145, 147, 148, 150, 151, 152, 155, 156, 158, 162, 163, 166, 170, 171, 174, 175, 176, 178, 180, 181, 182, 184, 185, 186, 187, 188, 189, 191, 192, 194, 197, 198, 199, 200, 202, 205, 206, 207, 208, 209, 211, 213, 214, 215, 218, 220, 221, 222, 225, 227, 228, 229, 231, 234, 235, 236, 237, 239, 241, 242, 243, 244, 245, 246, 248, 250, 252, 253, 254, 255, 256, 257, 258, 260, 261, 262, 264, 269, 279, 284, 319, 329, 338, 348, 360, 376, 378, 403, 406, 407, 408, 409, 411, 413, 415, 416, 418, 419, 420, 422, 423, 424, 425, 427, 428, 430, 432, 433, 436, 437, 438, 440, 442, 444, 446, 448, 450, 452, 454, 455, 456, 457, 460, 461, 462, 463, 465, 467, 468, 469, 470, 471, 472, 476, 478, 479, 482, 483, 484, 485, 486, 488, 489, 490, 491, 492, 493, 494, 496, 498, 499, 500, 502, 519, 521, 522, 524, 526, 532, 534, 535, 537, 538, 539, 540, 541, 542, 543], "summary": {"covered_lines": 252, "num_statements": 353, "percent_covered": 67.01461377870564, "percent_covered_display": "67", "missing_lines": 101, "excluded_lines": 0, "percent_statements_covered": 71.38810198300283, "percent_statements_covered_display": "71", "num_branches": 126, "num_partial_branches": 23, "covered_branches": 69, "missing_branches": 57, "percent_branches_covered": 54.76190476190476, "percent_branches_covered_display": "55"}, "missing_lines": [76, 82, 83, 87, 88, 94, 98, 101, 102, 130, 159, 172, 195, 196, 224, 251, 259, 266, 267, 271, 272, 273, 274, 275, 276, 277, 281, 282, 286, 287, 290, 291, 293, 294, 296, 297, 299, 300, 303, 304, 305, 308, 309, 312, 313, 316, 317, 320, 321, 323, 324, 326, 327, 331, 332, 333, 334, 335, 336, 340, 341, 342, 343, 344, 345, 346, 350, 351, 352, 353, 354, 355, 356, 357, 358, 362, 364, 365, 366, 367, 370, 372, 373, 374, 404, 426, 429, 458, 464, 473, 474, 475, 480, 545, 546, 547, 548, 549, 550, 551, 552], "excluded_lines": [], "executed_branches": [[60, 61], [60, 63], [75, 78], [93, 95], [97, 99], [112, 113], [112, 114], [114, 115], [114, 117], [125, 126], [125, 128], [129, 132], [147, 148], [147, 150], [151, 152], [151, 155], [158, 162], [170, 171], [181, -180], [181, 182], [185, 186], [186, 187], [186, 189], [192, -191], [192, 194], [194, 197], [198, 199], [206, 207], [208, 209], [208, 211], [220, 221], [221, 222], [227, 228], [227, 234], [228, 229], [228, 231], [234, 235], [236, 237], [236, 239], [242, -241], [242, 243], [250, 252], [257, 258], [403, 406], [406, 407], [406, 408], [408, 409], [408, 411], [428, 430], [457, 460], [461, 462], [463, 465], [471, 472], [471, 476], [472, 471], [479, 482], [483, 484], [483, 488], [488, 489], [488, 490], [490, 491], [490, 492], [492, 493], [492, 494], [499, 500], [534, 535], [534, 537], [538, 539], [538, 543]], "missing_branches": [[75, 76], [93, 94], [97, 98], [129, 130], [158, 159], [170, 172], [185, 189], [194, 195], [198, 200], [206, 208], [220, 227], [221, 224], [234, 239], [250, 251], [257, 259], [286, 287], [286, 290], [290, 291], [290, 293], [293, 294], [293, 296], [296, 297], [296, 299], [299, 300], [299, 303], [303, 304], [303, 308], [308, 309], [308, 312], [312, 313], [312, 316], [316, -284], [316, 317], [323, 324], [323, 326], [331, 332], [331, 333], [342, -338], [342, 343], [350, 351], [350, 352], [354, -348], [354, 355], [364, 365], [364, 366], [366, 367], [366, 370], [403, 404], [428, 429], [457, 458], [461, 465], [463, 464], [472, 473], [479, 480], [499, 502], [547, 548], [547, 552]], "functions": {"AudioDownloader.__init__": {"executed_lines": [51, 52, 53, 54, 55, 56], "summary": {"covered_lines": 6, "num_statements": 6, "percent_covered": 100.0, "percent_covered_display": "100", "missing_lines": 0, "excluded_lines": 0, "percent_statements_covered": 100.0, "percent_statements_covered_display": "100", "num_branches": 0, "num_partial_branches": 0, "covered_branches": 0, "missing_branches": 0, "percent_branches_covered": 100.0, "percent_branches_covered_display": "100"}, "missing_lines": [], "excluded_lines": [], "start_line": 50, "executed_branches": [], "missing_branches": []}, "AudioDownloader.validate_audio_file": {"executed_lines": [60, 61, 63, 64, 67, 73, 75, 78, 79, 80], "summary": {"covered_lines": 10, "num_statements": 13, "percent_covered": 76.47058823529412, "percent_covered_display": "76", "missing_lines": 3, "excluded_lines": 0, "percent_statements_covered": 76.92307692307692, "percent_statements_covered_display": "77", "num_branches": 4, "num_partial_branches": 1, "covered_branches": 3, "missing_branches": 1, "percent_branches_covered": 75.0, "percent_branches_covered_display": "75"}, "missing_lines": [76, 82, 83], "excluded_lines": [], "start_line": 58, "executed_branches": [[60, 61], [60, 63], [75, 78]], "missing_branches": [[75, 76]]}, "AudioDownloader._resize_cover": {"executed_lines": [], "summary": {"covered_lines": 0, "num_statements": 2, "percent_covered": 0.0, "percent_covered_display": "0", "missing_lines": 2, "excluded_lines": 0, "percent_statements_covered": 0.0, "percent_statements_covered_display": "0", "num_branches": 0, "num_partial_branches": 0, "covered_branches": 0, "missing_branches": 0, "percent_branches_covered": 100.0, "percent_branches_covered_display": "100"}, "missing_lines": [87, 88], "excluded_lines": [], "start_line": 85, "executed_branches": [], "missing_branches": []}, "AudioDownloader._resize_cover_sync": {"executed_lines": [91, 92, 93, 95, 96, 97, 99, 100], "summary": {"covered_lines": 8, "num_statements": 12, "percent_covered": 62.5, "percent_covered_display": "62", "missing_lines": 4, "excluded_lines": 0, "percent_statements_covered": 66.66666666666667, "percent_statements_covered_display": "67", "num_branches": 4, "num_partial_branches": 2, "covered_branches": 2, "missing_branches": 2, "percent_branches_covered": 50.0, "percent_branches_covered_display": "50"}, "missing_lines": [94, 98, 101, 102], "excluded_lines": [], "start_line": 90, "executed_branches": [[93, 95], [97, 99]], "missing_branches": [[93, 94], [97, 98]]}, "AudioDownloader._prepare_download_paths": {"executed_lines": [106, 107, 109, 110, 112, 113, 114, 115, 117, 118], "summary": {"covered_lines": 10, "num_statements": 10, "percent_covered": 100.0, "percent_covered_display": "100", "missing_lines": 0, "excluded_lines": 0, "percent_statements_covered": 100.0, "percent_statements_covered_display": "100", "num_branches": 4, "num_partial_branches": 0, "covered_branches": 4, "missing_branches": 0, "percent_branches_covered": 100.0, "percent_branches_covered_display": "100"}, "missing_lines": [], "excluded_lines": [], "start_line": 104, "executed_branches": [[112, 113], [112, 114], [114, 115], [114, 117]], "missing_branches": []}, "AudioDownloader._check_existing_files": {"executed_lines": [124, 125, 126, 128, 129, 132], "summary": {"covered_lines": 6, "num_statements": 7, "percent_covered": 81.81818181818181, "percent_covered_display": "82", "missing_lines": 1, "excluded_lines": 0, "percent_statements_covered": 85.71428571428571, "percent_statements_covered_display": "86", "num_branches": 4, "num_partial_branches": 1, "covered_branches": 3, "missing_branches": 1, "percent_branches_covered": 75.0, "percent_branches_covered_display": "75"}, "missing_lines": [130], "excluded_lines": [], "start_line": 120, "executed_branches": [[125, 126], [125, 128], [129, 132]], "missing_branches": [[129, 130]]}, "AudioDownloader.download": {"executed_lines": [138, 139, 141, 142, 144, 145, 147, 148, 150, 151, 152, 155, 156, 158, 162, 163, 166, 170, 171, 174, 175, 176, 178], "summary": {"covered_lines": 23, "num_statements": 25, "percent_covered": 87.87878787878788, "percent_covered_display": "88", "missing_lines": 2, "excluded_lines": 0, "percent_statements_covered": 92.0, "percent_statements_covered_display": "92", "num_branches": 8, "num_partial_branches": 2, "covered_branches": 6, "missing_branches": 2, "percent_branches_covered": 75.0, "percent_branches_covered_display": "75"}, "missing_lines": [159, 172], "excluded_lines": [], "start_line": 134, "executed_branches": [[147, 148], [147, 150], [151, 152], [151, 155], [158, 162], [170, 171]], "missing_branches": [[158, 159], [170, 172]]}, "AudioDownloader._validate_raw": {"executed_lines": [181, 182], "summary": {"covered_lines": 2, "num_statements": 2, "percent_covered": 100.0, "percent_covered_display": "100", "missing_lines": 0, "excluded_lines": 0, "percent_statements_covered": 100.0, "percent_statements_covered_display": "100", "num_branches": 2, "num_partial_branches": 0, "covered_branches": 2, "missing_branches": 0, "percent_branches_covered": 100.0, "percent_branches_covered_display": "100"}, "missing_lines": [], "excluded_lines": [], "start_line": 180, "executed_branches": [[181, -180], [181, 182]], "missing_branches": []}, "AudioDownloader._check_fake_hq": {"executed_lines": [185, 186, 187, 188, 189], "summary": {"covered_lines": 5, "num_statements": 5, "percent_covered": 88.88888888888889, "percent_covered_display": "89", "missing_lines": 0, "excluded_lines": 0, "percent_statements_covered": 100.0, "percent_statements_covered_display": "100", "num_branches": 4, "num_partial_branches": 1, "covered_branches": 3, "missing_branches": 1, "percent_branches_covered": 75.0, "percent_branches_covered_display": "75"}, "missing_lines": [], "excluded_lines": [], "start_line": 184, "executed_branches": [[185, 186], [186, 187], [186, 189]], "missing_branches": [[185, 189]]}, "AudioDownloader._fetch_metadata_assets": {"executed_lines": [192, 194, 197, 198, 199, 200], "summary": {"covered_lines": 6, "num_statements": 8, "percent_covered": 71.42857142857143, "percent_covered_display": "71", "missing_lines": 2, "excluded_lines": 0, "percent_statements_covered": 75.0, "percent_statements_covered_display": "75", "num_branches": 6, "num_partial_branches": 2, "covered_branches": 4, "missing_branches": 2, "percent_branches_covered": 66.66666666666667, "percent_branches_covered_display": "67"}, "missing_lines": [195, 196], "excluded_lines": [], "start_line": 191, "executed_branches": [[192, -191], [192, 194], [194, 197], [198, 199]], "missing_branches": [[194, 195], [198, 200]]}, "AudioDownloader._perform_transcoding_pipeline": {"executed_lines": [205, 206, 207, 208, 209, 211, 213, 214, 215, 218, 220, 221, 222, 225, 227, 228, 229, 231, 234, 235, 236, 237, 239], "summary": {"covered_lines": 23, "num_statements": 24, "percent_covered": 87.5, "percent_covered_display": "88", "missing_lines": 1, "excluded_lines": 0, "percent_statements_covered": 95.83333333333333, "percent_statements_covered_display": "96", "num_branches": 16, "num_partial_branches": 4, "covered_branches": 12, "missing_branches": 4, "percent_branches_covered": 75.0, "percent_branches_covered_display": "75"}, "missing_lines": [224], "excluded_lines": [], "start_line": 202, "executed_branches": [[206, 207], [208, 209], [208, 211], [220, 221], [221, 222], [227, 228], [227, 234], [228, 229], [228, 231], [234, 235], [236, 237], [236, 239]], "missing_branches": [[206, 208], [220, 227], [221, 224], [234, 239]]}, "AudioDownloader._cleanup_temp_raw": {"executed_lines": [242, 243, 244, 245, 246], "summary": {"covered_lines": 5, "num_statements": 5, "percent_covered": 100.0, "percent_covered_display": "100", "missing_lines": 0, "excluded_lines": 0, "percent_statements_covered": 100.0, "percent_statements_covered_display": "100", "num_branches": 2, "num_partial_branches": 0, "covered_branches": 2, "missing_branches": 0, "percent_branches_covered": 100.0, "percent_branches_covered_display": "100"}, "missing_lines": [], "excluded_lines": [], "start_line": 241, "executed_branches": [[242, -241], [242, 243]], "missing_branches": []}, "AudioDownloader._download_cover": {"executed_lines": [250, 252, 253, 254, 255, 256, 257, 258, 260, 261, 262], "summary": {"covered_lines": 11, "num_statements": 13, "percent_covered": 76.47058823529412, "percent_covered_display": "76", "missing_lines": 2, "excluded_lines": 0, "percent_statements_covered": 84.61538461538461, "percent_statements_covered_display": "85", "num_branches": 4, "num_partial_branches": 2, "covered_branches": 2, "missing_branches": 2, "percent_branches_covered": 50.0, "percent_branches_covered_display": "50"}, "missing_lines": [251, 259], "excluded_lines": [], "start_line": 248, "executed_branches": [[250, 252], [257, 258]], "missing_branches": [[250, 251], [257, 259]]}, "AudioDownloader._inject_metadata": {"executed_lines": [], "summary": {"covered_lines": 0, "num_statements": 2, "percent_covered": 0.0, "percent_covered_display": "0", "missing_lines": 2, "excluded_lines": 0, "percent_statements_covered": 0.0, "percent_statements_covered_display": "0", "num_branches": 0, "num_partial_branches": 0, "covered_branches": 0, "missing_branches": 0, "percent_branches_covered": 100.0, "percent_branches_covered_display": "100"}, "missing_lines": [266, 267], "excluded_lines": [], "start_line": 264, "executed_branches": [], "missing_branches": []}, "AudioDownloader._inject_metadata_sync": {"executed_lines": [], "summary": {"covered_lines": 0, "num_statements": 7, "percent_covered": 0.0, "percent_covered_display": "0", "missing_lines": 7, "excluded_lines": 0, "percent_statements_covered": 0.0, "percent_statements_covered_display": "0", "num_branches": 0, "num_partial_branches": 0, "covered_branches": 0, "missing_branches": 0, "percent_branches_covered": 100.0, "percent_branches_covered_display": "100"}, "missing_lines": [271, 272, 273, 274, 275, 276, 277], "excluded_lines": [], "start_line": 269, "executed_branches": [], "missing_branches": []}, "AudioDownloader._apply_m4a_tags": {"executed_lines": [], "summary": {"covered_lines": 0, "num_statements": 2, "percent_covered": 0.0, "percent_covered_display": "0", "missing_lines": 2, "excluded_lines": 0, "percent_statements_covered": 0.0, "percent_statements_covered_display": "0", "num_branches": 0, "num_partial_branches": 0, "covered_branches": 0, "missing_branches": 0, "percent_branches_covered": 100.0, "percent_branches_covered_display": "100"}, "missing_lines": [281, 282], "excluded_lines": [], "start_line": 279, "executed_branches": [], "missing_branches": []}, "AudioDownloader._apply_m4a_basic_tags": {"executed_lines": [], "summary": {"covered_lines": 0, "num_statements": 19, "percent_covered": 0.0, "percent_covered_display": "0", "missing_lines": 19, "excluded_lines": 0, "percent_statements_covered": 0.0, "percent_statements_covered_display": "0", "num_branches": 18, "num_partial_branches": 0, "covered_branches": 0, "missing_branches": 18, "percent_branches_covered": 0.0, "percent_branches_covered_display": "0"}, "missing_lines": [286, 287, 290, 291, 293, 294, 296, 297, 299, 300, 303, 304, 305, 308, 309, 312, 313, 316, 317], "excluded_lines": [], "start_line": 284, "executed_branches": [], "missing_branches": [[286, 287], [286, 290], [290, 291], [290, 293], [293, 294], [293, 296], [296, 297], [296, 299], [299, 300], [299, 303], [303, 304], [303, 308], [308, 309], [308, 312], [312, 313], [312, 316], [316, -284], [316, 317]]}, "AudioDownloader._apply_m4a_extra_tags": {"executed_lines": [], "summary": {"covered_lines": 0, "num_statements": 6, "percent_covered": 0.0, "percent_covered_display": "0", "missing_lines": 6, "excluded_lines": 0, "percent_statements_covered": 0.0, "percent_statements_covered_display": "0", "num_branches": 2, "num_partial_branches": 0, "covered_branches": 0, "missing_branches": 2, "percent_branches_covered": 0.0, "percent_branches_covered_display": "0"}, "missing_lines": [320, 321, 323, 324, 326, 327], "excluded_lines": [], "start_line": 319, "executed_branches": [], "missing_branches": [[323, 324], [323, 326]]}, "AudioDownloader._apply_m4a_number_tag": {"executed_lines": [], "summary": {"covered_lines": 0, "num_statements": 6, "percent_covered": 0.0, "percent_covered_display": "0", "missing_lines": 6, "excluded_lines": 0, "percent_statements_covered": 0.0, "percent_statements_covered_display": "0", "num_branches": 2, "num_partial_branches": 0, "covered_branches": 0, "missing_branches": 2, "percent_branches_covered": 0.0, "percent_branches_covered_display": "0"}, "missing_lines": [331, 332, 333, 334, 335, 336], "excluded_lines": [], "start_line": 329, "executed_branches": [], "missing_branches": [[331, 332], [331, 333]]}, "AudioDownloader._apply_m4a_lyrics": {"executed_lines": [], "summary": {"covered_lines": 0, "num_statements": 7, "percent_covered": 0.0, "percent_covered_display": "0", "missing_lines": 7, "excluded_lines": 0, "percent_statements_covered": 0.0, "percent_statements_covered_display": "0", "num_branches": 2, "num_partial_branches": 0, "covered_branches": 0, "missing_branches": 2, "percent_branches_covered": 0.0, "percent_branches_covered_display": "0"}, "missing_lines": [340, 341, 342, 343, 344, 345, 346], "excluded_lines": [], "start_line": 338, "executed_branches": [], "missing_branches": [[342, -338], [342, 343]]}, "AudioDownloader._apply_m4a_composer": {"executed_lines": [], "summary": {"covered_lines": 0, "num_statements": 9, "percent_covered": 0.0, "percent_covered_display": "0", "missing_lines": 9, "excluded_lines": 0, "percent_statements_covered": 0.0, "percent_statements_covered_display": "0", "num_branches": 4, "num_partial_branches": 0, "covered_branches": 0, "missing_branches": 4, "percent_branches_covered": 0.0, "percent_branches_covered_display": "0"}, "missing_lines": [350, 351, 352, 353, 354, 355, 356, 357, 358], "excluded_lines": [], "start_line": 348, "executed_branches": [], "missing_branches": [[350, 351], [350, 352], [354, -348], [354, 355]]}, "AudioDownloader._embed_cover_m4a": {"executed_lines": [], "summary": {"covered_lines": 0, "num_statements": 9, "percent_covered": 0.0, "percent_covered_display": "0", "missing_lines": 9, "excluded_lines": 0, "percent_statements_covered": 0.0, "percent_statements_covered_display": "0", "num_branches": 4, "num_partial_branches": 0, "covered_branches": 0, "missing_branches": 4, "percent_branches_covered": 0.0, "percent_branches_covered_display": "0"}, "missing_lines": [362, 364, 365, 366, 367, 370, 372, 373, 374], "excluded_lines": [], "start_line": 360, "executed_branches": [], "missing_branches": [[364, 365], [364, 366], [366, 367], [366, 370]]}, "AudioDownloader._get_ytdlp_options": {"executed_lines": [378, 403, 406, 407, 408, 409, 411], "summary": {"covered_lines": 7, "num_statements": 8, "percent_covered": 85.71428571428571, "percent_covered_display": "86", "missing_lines": 1, "excluded_lines": 0, "percent_statements_covered": 87.5, "percent_statements_covered_display": "88", "num_branches": 6, "num_partial_branches": 1, "covered_branches": 5, "missing_branches": 1, "percent_branches_covered": 83.33333333333333, "percent_branches_covered_display": "83"}, "missing_lines": [404], "excluded_lines": [], "start_line": 376, "executed_branches": [[403, 406], [406, 407], [406, 408], [408, 409], [408, 411]], "missing_branches": [[403, 404]]}, "AudioDownloader._download_raw": {"executed_lines": [415, 416, 418, 419, 420, 422, 423, 424, 425, 427, 428, 430], "summary": {"covered_lines": 12, "num_statements": 14, "percent_covered": 81.25, "percent_covered_display": "81", "missing_lines": 2, "excluded_lines": 0, "percent_statements_covered": 85.71428571428571, "percent_statements_covered_display": "86", "num_branches": 2, "num_partial_branches": 1, "covered_branches": 1, "missing_branches": 1, "percent_branches_covered": 50.0, "percent_branches_covered_display": "50"}, "missing_lines": [426, 429], "excluded_lines": [], "start_line": 413, "executed_branches": [[428, 430]], "missing_branches": [[428, 429]]}, "AudioDownloader._setup_ytdlp_logger": {"executed_lines": [433, 436, 440, 444, 448, 452], "summary": {"covered_lines": 6, "num_statements": 6, "percent_covered": 100.0, "percent_covered_display": "100", "missing_lines": 0, "excluded_lines": 0, "percent_statements_covered": 100.0, "percent_statements_covered_display": "100", "num_branches": 0, "num_partial_branches": 0, "covered_branches": 0, "missing_branches": 0, "percent_branches_covered": 100.0, "percent_branches_covered_display": "100"}, "missing_lines": [], "excluded_lines": [], "start_line": 432, "executed_branches": [], "missing_branches": []}, "AudioDownloader._setup_ytdlp_logger.FileLogger._log": {"executed_lines": [437, 438], "summary": {"covered_lines": 2, "num_statements": 2, "percent_covered": 100.0, "percent_covered_display": "100", "missing_lines": 0, "excluded_lines": 0, "percent_statements_covered": 100.0, "percent_statements_covered_display": "100", "num_branches": 0, "num_partial_branches": 0, "covered_branches": 0, "missing_branches": 0, "percent_branches_covered": 100.0, "percent_branches_covered_display": "100"}, "missing_lines": [], "excluded_lines": [], "start_line": 436, "executed_branches": [], "missing_branches": []}, "AudioDownloader._setup_ytdlp_logger.FileLogger.debug": {"executed_lines": [442], "summary": {"covered_lines": 1, "num_statements": 1, "percent_covered": 100.0, "percent_covered_display": "100", "missing_lines": 0, "excluded_lines": 0, "percent_statements_covered": 100.0, "percent_statements_covered_display": "100", "num_branches": 0, "num_partial_branches": 0, "covered_branches": 0, "missing_branches": 0, "percent_branches_covered": 100.0, "percent_branches_covered_display": "100"}, "missing_lines": [], "excluded_lines": [], "start_line": 440, "executed_branches": [], "missing_branches": []}, "AudioDownloader._setup_ytdlp_logger.FileLogger.warning": {"executed_lines": [446], "summary": {"covered_lines": 1, "num_statements": 1, "percent_covered": 100.0, "percent_covered_display": "100", "missing_lines": 0, "excluded_lines": 0, "percent_statements_covered": 100.0, "percent_statements_covered_display": "100", "num_branches": 0, "num_partial_branches": 0, "covered_branches": 0, "missing_branches": 0, "percent_branches_covered": 100.0, "percent_branches_covered_display": "100"}, "missing_lines": [], "excluded_lines": [], "start_line": 444, "executed_branches": [], "missing_branches": []}, "AudioDownloader._setup_ytdlp_logger.FileLogger.error": {"executed_lines": [450], "summary": {"covered_lines": 1, "num_statements": 1, "percent_covered": 100.0, "percent_covered_display": "100", "missing_lines": 0, "excluded_lines": 0, "percent_statements_covered": 100.0, "percent_statements_covered_display": "100", "num_branches": 0, "num_partial_branches": 0, "covered_branches": 0, "missing_branches": 0, "percent_branches_covered": 100.0, "percent_branches_covered_display": "100"}, "missing_lines": [], "excluded_lines": [], "start_line": 448, "executed_branches": [], "missing_branches": []}, "AudioDownloader._execute_ydl": {"executed_lines": [455, 456, 457, 460, 461, 462, 463, 465], "summary": {"covered_lines": 8, "num_statements": 10, "percent_covered": 68.75, "percent_covered_display": "69", "missing_lines": 2, "excluded_lines": 0, "percent_statements_covered": 80.0, "percent_statements_covered_display": "80", "num_branches": 6, "num_partial_branches": 3, "covered_branches": 3, "missing_branches": 3, "percent_branches_covered": 50.0, "percent_branches_covered_display": "50"}, "missing_lines": [458, 464], "excluded_lines": [], "start_line": 454, "executed_branches": [[457, 460], [461, 462], [463, 465]], "missing_branches": [[457, 458], [461, 465], [463, 464]]}, "AudioDownloader._attempt_recovery": {"executed_lines": [468, 469, 470, 471, 472, 476], "summary": {"covered_lines": 6, "num_statements": 9, "percent_covered": 69.23076923076923, "percent_covered_display": "69", "missing_lines": 3, "excluded_lines": 0, "percent_statements_covered": 66.66666666666667, "percent_statements_covered_display": "67", "num_branches": 4, "num_partial_branches": 1, "covered_branches": 3, "missing_branches": 1, "percent_branches_covered": 75.0, "percent_branches_covered_display": "75"}, "missing_lines": [473, 474, 475], "excluded_lines": [], "start_line": 467, "executed_branches": [[471, 472], [471, 476], [472, 471]], "missing_branches": [[472, 473]]}, "AudioDownloader._handle_ytdlp_error": {"executed_lines": [479, 482, 483, 484, 485, 486, 488, 489, 490, 491, 492, 493, 494], "summary": {"covered_lines": 13, "num_statements": 14, "percent_covered": 91.66666666666667, "percent_covered_display": "92", "missing_lines": 1, "excluded_lines": 0, "percent_statements_covered": 92.85714285714286, "percent_statements_covered_display": "93", "num_branches": 10, "num_partial_branches": 1, "covered_branches": 9, "missing_branches": 1, "percent_branches_covered": 90.0, "percent_branches_covered_display": "90"}, "missing_lines": [480], "excluded_lines": [], "start_line": 478, "executed_branches": [[479, 482], [483, 484], [483, 488], [488, 489], [488, 490], [490, 491], [490, 492], [492, 493], [492, 494]], "missing_branches": [[479, 480]]}, "AudioDownloader._build_ffmpeg_cmd": {"executed_lines": [498, 499, 500, 502, 519], "summary": {"covered_lines": 5, "num_statements": 5, "percent_covered": 85.71428571428571, "percent_covered_display": "86", "missing_lines": 0, "excluded_lines": 0, "percent_statements_covered": 100.0, "percent_statements_covered_display": "100", "num_branches": 2, "num_partial_branches": 1, "covered_branches": 1, "missing_branches": 1, "percent_branches_covered": 50.0, "percent_branches_covered_display": "50"}, "missing_lines": [], "excluded_lines": [], "start_line": 496, "executed_branches": [[499, 500]], "missing_branches": [[499, 502]]}, "AudioDownloader._transcode": {"executed_lines": [522, 524, 526, 532, 534, 535, 537, 538, 539, 540, 541, 542, 543], "summary": {"covered_lines": 13, "num_statements": 21, "percent_covered": 62.96296296296296, "percent_covered_display": "63", "missing_lines": 8, "excluded_lines": 0, "percent_statements_covered": 61.904761904761905, "percent_statements_covered_display": "62", "num_branches": 6, "num_partial_branches": 0, "covered_branches": 4, "missing_branches": 2, "percent_branches_covered": 66.66666666666667, "percent_branches_covered_display": "67"}, "missing_lines": [545, 546, 547, 548, 549, 550, 551, 552], "excluded_lines": [], "start_line": 521, "executed_branches": [[534, 535], [534, 537], [538, 539], [538, 543]], "missing_branches": [[547, 548], [547, 552]]}, "": {"executed_lines": [1, 2, 3, 4, 5, 6, 7, 8, 9, 10, 12, 13, 14, 15, 17, 18, 19, 20, 21, 22, 23, 31, 32, 33, 36, 37, 40, 41, 42, 43, 44, 47, 50, 58, 85, 90, 104, 120, 134, 180, 184, 191, 202, 241, 248, 264, 269, 279, 284, 319, 329, 338, 348, 360, 376, 413, 432, 454, 467, 478, 496, 521], "summary": {"covered_lines": 62, "num_statements": 62, "percent_covered": 100.0, "percent_covered_display": "100", "missing_lines": 0, "excluded_lines": 0, "percent_statements_covered": 100.0, "percent_statements_covered_display": "100", "num_branches": 0, "num_partial_branches": 0, "covered_branches": 0, "missing_branches": 0, "percent_branches_covered": 100.0, "percent_branches_covered_display": "100"}, "missing_lines": [], "excluded_lines": [], "start_line": 1, "executed_branches": [], "missing_branches": []}}, "classes": {"DownloadResult": {"executed_lines": [], "summary": {"covered_lines": 0, "num_statements": 0, "percent_covered": 100.0, "percent_covered_display": "100", "missing_lines": 0, "excluded_lines": 0, "percent_statements_covered": 100.0, "percent_statements_covered_display": "100", "num_branches": 0, "num_partial_branches": 0, "covered_branches": 0, "missing_branches": 0, "percent_branches_covered": 100.0, "percent_branches_covered_display": "100"}, "missing_lines": [], "excluded_lines": [], "start_line": 37, "executed_branches": [], "missing_branches": []}, "AudioDownloader": {"executed_lines": [51, 52, 53, 54, 55, 56, 60, 61, 63, 64, 67, 73, 75, 78, 79, 80, 91, 92, 93, 95, 96, 97, 99, 100, 106, 107, 109, 110, 112, 113, 114, 115, 117, 118, 124, 125, 126, 128, 129, 132, 138, 139, 141, 142, 144, 145, 147, 148, 150, 151, 152, 155, 156, 158, 162, 163, 166, 170, 171, 174, 175, 176, 178, 181, 182, 185, 186, 187, 188, 189, 192, 194, 197, 198, 199, 200, 205, 206, 207, 208, 209, 211, 213, 214, 215, 218, 220, 221, 222, 225, 227, 228, 229, 231, 234, 235, 236, 237, 239, 242, 243, 244, 245, 246, 250, 252, 253, 254, 255, 256, 257, 258, 260, 261, 262, 378, 403, 406, 407, 408, 409, 411, 415, 416, 418, 419, 420, 422, 423, 424, 425, 427, 428, 430, 433, 436, 440, 444, 448, 452, 455, 456, 457, 460, 461, 462, 463, 465, 468, 469, 470, 471, 472, 476, 479, 482, 483, 484, 485, 486, 488, 489, 490, 491, 492, 493, 494, 498, 499, 500, 502, 519, 522, 524, 526, 532, 534, 535, 537, 538, 539, 540, 541, 542, 543], "summary": {"covered_lines": 185, "num_statements": 286, "percent_covered": 61.650485436893206, "percent_covered_display": "62", "missing_lines": 101, "excluded_lines": 0, "percent_statements_covered": 64.68531468531468, "percent_statements_covered_display": "65", "num_branches": 126, "num_partial_branches": 23, "covered_branches": 69, "missing_branches": 57, "percent_branches_covered": 54.76190476190476, "percent_branches_covered_display": "55"}, "missing_lines": [76, 82, 83, 87, 88, 94, 98, 101, 102, 130, 159, 172, 195, 196, 224, 251, 259, 266, 267, 271, 272, 273, 274, 275, 276, 277, 281, 282, 286, 287, 290, 291, 293, 294, 296, 297, 299, 300, 303, 304, 305, 308, 309, 312, 313, 316, 317, 320, 321, 323, 324, 326, 327, 331, 332, 333, 334, 335, 336, 340, 341, 342, 343, 344, 345, 346, 350, 351, 352, 353, 354, 355, 356, 357, 358, 362, 364, 365, 366, 367, 370, 372, 373, 374, 404, 426, 429, 458, 464, 473, 474, 475, 480, 545, 546, 547, 548, 549, 550, 551, 552], "excluded_lines": [], "start_line": 47, "executed_branches": [[60, 61], [60, 63], [75, 78], [93, 95], [97, 99], [112, 113], [112, 114], [114, 115], [114, 117], [125, 126], [125, 128], [129, 132], [147, 148], [147, 150], [151, 152], [151, 155], [158, 162], [170, 171], [181, -180], [181, 182], [185, 186], [186, 187], [186, 189], [192, -191], [192, 194], [194, 197], [198, 199], [206, 207], [208, 209], [208, 211], [220, 221], [221, 222], [227, 228], [227, 234], [228, 229], [228, 231], [234, 235], [236, 237], [236, 239], [242, -241], [242, 243], [250, 252], [257, 258], [403, 406], [406, 407], [406, 408], [408, 409], [408, 411], [428, 430], [457, 460], [461, 462], [463, 465], [471, 472], [471, 476], [472, 471], [479, 482], [483, 484], [483, 488], [488, 489], [488, 490], [490, 491], [490, 492], [492, 493], [492, 494], [499, 500], [534, 535], [534, 537], [538, 539], [538, 543]], "missing_branches": [[75, 76], [93, 94], [97, 98], [129, 130], [158, 159], [170, 172], [185, 189], [194, 195], [198, 200], [206, 208], [220, 227], [221, 224], [234, 239], [250, 251], [257, 259], [286, 287], [286, 290], [290, 291], [290, 293], [293, 294], [293, 296], [296, 297], [296, 299], [299, 300], [299, 303], [303, 304], [303, 308], [308, 309], [308, 312], [312, 313], [312, 316], [316, -284], [316, 317], [323, 324], [323, 326], [331, 332], [331, 333], [342, -338], [342, 343], [350, 351], [350, 352], [354, -348], [354, 355], [364, 365], [364, 366], [366, 367], [366, 370], [403, 404], [428, 429], [457, 458], [461, 465], [463, 464], [472, 473], [479, 480], [499, 502], [547, 548], [547, 552]]}, "AudioDownloader._setup_ytdlp_logger.FileLogger": {"executed_lines": [437, 438, 442, 446, 450], "summary": {"covered_lines": 5, "num_statements": 5, "percent_covered": 100.0, "percent_covered_display": "100", "missing_lines": 0, "excluded_lines": 0, "percent_statements_covered": 100.0, "percent_statements_covered_display": "100", "num_branches": 0, "num_partial_branches": 0, "covered_branches": 0, "missing_branches": 0, "percent_branches_covered": 100.0, "percent_branches_covered_display": "100"}, "missing_lines": [], "excluded_lines": [], "start_line": 433, "executed_branches": [], "missing_branches": []}, "": {"executed_lines": [1, 2, 3, 4, 5, 6, 7, 8, 9, 10, 12, 13, 14, 15, 17, 18, 19, 20, 21, 22, 23, 31, 32, 33, 36, 37, 40, 41, 42, 43, 44, 47, 50, 58, 85, 90, 104, 120, 134, 180, 184, 191, 202, 241, 248, 264, 269, 279, 284, 319, 329, 338, 348, 360, 376, 413, 432, 454, 467, 478, 496, 521], "summary": {"covered_lines": 62, "num_statements": 62, "percent_covered": 100.0, "percent_covered_display": "100", "missing_lines": 0, "excluded_lines": 0, "percent_statements_covered": 100.0, "percent_statements_covered_display": "100", "num_branches": 0, "num_partial_branches": 0, "covered_branches": 0, "missing_branches": 0, "percent_branches_covered": 100.0, "percent_branches_covered_display": "100"}, "missing_lines": [], "excluded_lines": [], "start_line": 1, "executed_branches": [], "missing_branches": []}}}, "src\\resonance_audio_builder\\audio\\lyrics.py": {"executed_lines": [1, 3, 6, 12, 13, 16, 17, 18, 22, 23, 25, 26, 27, 29, 30, 31, 32, 33, 36, 37, 38, 39, 47], "summary": {"covered_lines": 23, "num_statements": 29, "percent_covered": 74.35897435897436, "percent_covered_display": "74", "missing_lines": 6, "excluded_lines": 0, "percent_statements_covered": 79.3103448275862, "percent_statements_covered_display": "79", "num_branches": 10, "num_partial_branches": 2, "covered_branches": 6, "missing_branches": 4, "percent_branches_covered": 60.0, "percent_branches_covered_display": "60"}, "missing_lines": [40, 41, 42, 43, 44, 45], "excluded_lines": [], "executed_branches": [[22, 23], [22, 25], [26, 27], [26, 36], [30, 31], [39, 47]], "missing_branches": [[30, 36], [39, 40], [42, 43], [42, 47]], "functions": {"fetch_lyrics": {"executed_lines": [12, 13, 16, 17, 18, 22, 23, 25, 26, 27, 29, 30, 31, 32, 33, 36, 37, 38, 39, 47], "summary": {"covered_lines": 20, "num_statements": 26, "percent_covered": 72.22222222222223, "percent_covered_display": "72", "missing_lines": 6, "excluded_lines": 0, "percent_statements_covered": 76.92307692307692, "percent_statements_covered_display": "77", "num_branches": 10, "num_partial_branches": 2, "covered_branches": 6, "missing_branches": 4, "percent_branches_covered": 60.0, "percent_branches_covered_display": "60"}, "missing_lines": [40, 41, 42, 43, 44, 45], "excluded_lines": [], "start_line": 6, "executed_branches": [[22, 23], [22, 25], [26, 27], [26, 36], [30, 31], [39, 47]], "missing_branches": [[30, 36], [39, 40], [42, 43], [42, 47]]}, "": {"executed_lines": [1, 3, 6], "summary": {"covered_lines": 3, "num_statements": 3, "percent_covered": 100.0, "percent_covered_display": "100", "missing_lines": 0, "excluded_lines": 0, "percent_statements_covered": 100.0, "percent_statements_covered_display": "100", "num_branches": 0, "num_partial_branches": 0, "covered_branches": 0, "missing_branches": 0, "percent_branches_covered": 100.0, "percent_branches_covered_display": "100"}, "missing_lines": [], "excluded_lines": [], "start_line": 1, "executed_branches": [], "missing_branches": []}}, "classes": {"": {"executed_lines": [1, 3, 6, 12, 13, 16, 17, 18, 22, 23, 25, 26, 27, 29, 30, 31, 32, 33, 36, 37, 38, 39, 47], "summary": {"covered_lines": 23, "num_statements": 29, "percent_covered": 74.35897435897436, "percent_covered_display": "74", "missing_lines": 6, "excluded_lines": 0, "percent_statements_covered": 79.3103448275862, "percent_statements_covered_display": "79", "num_branches": 10, "num_partial_branches": 2, "covered_branches": 6, "missing_branches": 4, "percent_branches_covered": 60.0, "percent_branches_covered_display": "60"}, "missing_lines": [40, 41, 42, 43, 44, 45], "excluded_lines": [], "start_line": 1, "executed_branches": [[22, 23], [22, 25], [26, 27], [26, 36], [30, 31], [39, 47]], "missing_branches": [[30, 36], [39, 40], [42, 43], [42, 47]]}}}, "src\\resonance_audio_builder\\audio\\metadata.py": {"executed_lines": [3, 4, 5, 6, 7, 10, 12, 13, 14, 15, 16, 19, 21, 22, 23, 28, 30, 31, 32, 37, 38, 41, 42, 43, 44, 45, 46, 47, 48, 49, 50, 51, 52, 53, 54, 57, 58, 59, 60, 61, 62, 63, 64, 65, 68, 69, 70, 73, 74, 75, 76, 77, 78, 79, 80, 81, 82, 83, 84, 86, 87, 94, 99, 102, 103, 104, 105, 106, 108, 110, 111, 117, 118, 120, 121, 123, 124, 125, 127, 128, 129, 131, 132, 134, 136, 173, 174, 176, 178, 179, 181, 184, 190, 191, 192, 196, 197, 199, 200], "summary": {"covered_lines": 99, "num_statements": 107, "percent_covered": 90.4, "percent_covered_display": "90", "missing_lines": 8, "excluded_lines": 0, "percent_statements_covered": 92.5233644859813, "percent_statements_covered_display": "93", "num_branches": 18, "num_partial_branches": 2, "covered_branches": 14, "missing_branches": 4, "percent_branches_covered": 77.77777777777777, "percent_branches_covered_display": "78"}, "missing_lines": [24, 25, 33, 34, 95, 113, 114, 115], "excluded_lines": [], "executed_branches": [[12, 13], [12, 16], [14, 12], [14, 15], [94, 99], [103, 104], [103, 108], [105, 106], [131, 132], [131, 134], [191, 192], [191, 196], [196, 197], [196, 199]], "missing_branches": [[94, 95], [105, 103], [113, 114], [113, 115]], "functions": {"_get_value": {"executed_lines": [12, 13, 14, 15, 16], "summary": {"covered_lines": 5, "num_statements": 5, "percent_covered": 100.0, "percent_covered_display": "100", "missing_lines": 0, "excluded_lines": 0, "percent_statements_covered": 100.0, "percent_statements_covered_display": "100", "num_branches": 4, "num_partial_branches": 0, "covered_branches": 4, "missing_branches": 0, "percent_branches_covered": 100.0, "percent_branches_covered_display": "100"}, "missing_lines": [], "excluded_lines": [], "start_line": 10, "executed_branches": [[12, 13], [12, 16], [14, 12], [14, 15]], "missing_branches": []}, "_get_float": {"executed_lines": [21, 22, 23], "summary": {"covered_lines": 3, "num_statements": 5, "percent_covered": 60.0, "percent_covered_display": "60", "missing_lines": 2, "excluded_lines": 0, "percent_statements_covered": 60.0, "percent_statements_covered_display": "60", "num_branches": 0, "num_partial_branches": 0, "covered_branches": 0, "missing_branches": 0, "percent_branches_covered": 100.0, "percent_branches_covered_display": "100"}, "missing_lines": [24, 25], "excluded_lines": [], "start_line": 19, "executed_branches": [], "missing_branches": []}, "_get_int": {"executed_lines": [30, 31, 32], "summary": {"covered_lines": 3, "num_statements": 5, "percent_covered": 60.0, "percent_covered_display": "60", "missing_lines": 2, "excluded_lines": 0, "percent_statements_covered": 60.0, "percent_statements_covered_display": "60", "num_branches": 0, "num_partial_branches": 0, "covered_branches": 0, "missing_branches": 0, "percent_branches_covered": 100.0, "percent_branches_covered_display": "100"}, "missing_lines": [33, 34], "excluded_lines": [], "start_line": 28, "executed_branches": [], "missing_branches": []}, "TrackMetadata.artists": {"executed_lines": [94, 99, 102, 103, 104, 105, 106, 108], "summary": {"covered_lines": 8, "num_statements": 9, "percent_covered": 80.0, "percent_covered_display": "80", "missing_lines": 1, "excluded_lines": 0, "percent_statements_covered": 88.88888888888889, "percent_statements_covered_display": "89", "num_branches": 6, "num_partial_branches": 2, "covered_branches": 4, "missing_branches": 2, "percent_branches_covered": 66.66666666666667, "percent_branches_covered_display": "67"}, "missing_lines": [95], "excluded_lines": [], "start_line": 87, "executed_branches": [[94, 99], [103, 104], [103, 108], [105, 106]], "missing_branches": [[94, 95], [105, 103]]}, "TrackMetadata.genre_list": {"executed_lines": [], "summary": {"covered_lines": 0, "num_statements": 3, "percent_covered": 0.0, "percent_covered_display": "0", "missing_lines": 3, "excluded_lines": 0, "percent_statements_covered": 0.0, "percent_statements_covered_display": "0", "num_branches": 2, "num_partial_branches": 0, "covered_branches": 0, "missing_branches": 2, "percent_branches_covered": 0.0, "percent_branches_covered_display": "0"}, "missing_lines": [113, 114, 115], "excluded_lines": [], "start_line": 111, "executed_branches": [], "missing_branches": [[113, 114], [113, 115]]}, "TrackMetadata.from_csv_row": {"executed_lines": [120, 121, 123, 124, 125, 127, 128, 129, 131, 132, 134, 136], "summary": {"covered_lines": 12, "num_statements": 12, "percent_covered": 100.0, "percent_covered_display": "100", "missing_lines": 0, "excluded_lines": 0, "percent_statements_covered": 100.0, "percent_statements_covered_display": "100", "num_branches": 2, "num_partial_branches": 0, "covered_branches": 2, "missing_branches": 0, "percent_branches_covered": 100.0, "percent_branches_covered_display": "100"}, "missing_lines": [], "excluded_lines": [], "start_line": 118, "executed_branches": [[131, 132], [131, 134]], "missing_branches": []}, "TrackMetadata.duration_seconds": {"executed_lines": [176], "summary": {"covered_lines": 1, "num_statements": 1, "percent_covered": 100.0, "percent_covered_display": "100", "missing_lines": 0, "excluded_lines": 0, "percent_statements_covered": 100.0, "percent_statements_covered_display": "100", "num_branches": 0, "num_partial_branches": 0, "covered_branches": 0, "missing_branches": 0, "percent_branches_covered": 100.0, "percent_branches_covered_display": "100"}, "missing_lines": [], "excluded_lines": [], "start_line": 174, "executed_branches": [], "missing_branches": []}, "TrackMetadata.safe_filename": {"executed_lines": [181, 184, 190, 191, 192, 196, 197, 199, 200], "summary": {"covered_lines": 9, "num_statements": 9, "percent_covered": 100.0, "percent_covered_display": "100", "missing_lines": 0, "excluded_lines": 0, "percent_statements_covered": 100.0, "percent_statements_covered_display": "100", "num_branches": 4, "num_partial_branches": 0, "covered_branches": 4, "missing_branches": 0, "percent_branches_covered": 100.0, "percent_branches_covered_display": "100"}, "missing_lines": [], "excluded_lines": [], "start_line": 179, "executed_branches": [[191, 192], [191, 196], [196, 197], [196, 199]], "missing_branches": []}, "": {"executed_lines": [3, 4, 5, 6, 7, 10, 19, 28, 37, 38, 41, 42, 43, 44, 45, 46, 47, 48, 49, 50, 51, 52, 53, 54, 57, 58, 59, 60, 61, 62, 63, 64, 65, 68, 69, 70, 73, 74, 75, 76, 77, 78, 79, 80, 81, 82, 83, 84, 86, 87, 110, 111, 117, 118, 173, 174, 178, 179], "summary": {"covered_lines": 58, "num_statements": 58, "percent_covered": 100.0, "percent_covered_display": "100", "missing_lines": 0, "excluded_lines": 0, "percent_statements_covered": 100.0, "percent_statements_covered_display": "100", "num_branches": 0, "num_partial_branches": 0, "covered_branches": 0, "missing_branches": 0, "percent_branches_covered": 100.0, "percent_branches_covered_display": "100"}, "missing_lines": [], "excluded_lines": [], "start_line": 1, "executed_branches": [], "missing_branches": []}}, "classes": {"TrackMetadata": {"executed_lines": [94, 99, 102, 103, 104, 105, 106, 108, 120, 121, 123, 124, 125, 127, 128, 129, 131, 132, 134, 136, 176, 181, 184, 190, 191, 192, 196, 197, 199, 200], "summary": {"covered_lines": 30, "num_statements": 34, "percent_covered": 83.33333333333333, "percent_covered_display": "83", "missing_lines": 4, "excluded_lines": 0, "percent_statements_covered": 88.23529411764706, "percent_statements_covered_display": "88", "num_branches": 14, "num_partial_branches": 2, "covered_branches": 10, "missing_branches": 4, "percent_branches_covered": 71.42857142857143, "percent_branches_covered_display": "71"}, "missing_lines": [95, 113, 114, 115], "excluded_lines": [], "start_line": 38, "executed_branches": [[94, 99], [103, 104], [103, 108], [105, 106], [131, 132], [131, 134], [191, 192], [191, 196], [196, 197], [196, 199]], "missing_branches": [[94, 95], [105, 103], [113, 114], [113, 115]]}, "": {"executed_lines": [3, 4, 5, 6, 7, 10, 12, 13, 14, 15, 16, 19, 21, 22, 23, 28, 30, 31, 32, 37, 38, 41, 42, 43, 44, 45, 46, 47, 48, 49, 50, 51, 52, 53, 54, 57, 58, 59, 60, 61, 62, 63, 64, 65, 68, 69, 70, 73, 74, 75, 76, 77, 78, 79, 80, 81, 82, 83, 84, 86, 87, 110, 111, 117, 118, 173, 174, 178, 179], "summary": {"covered_lines": 69, "num_statements": 73, "percent_covered": 94.8051948051948, "percent_covered_display": "95", "missing_lines": 4, "excluded_lines": 0, "percent_statements_covered": 94.52054794520548, "percent_statements_covered_display": "95", "num_branches": 4, "num_partial_branches": 0, "covered_branches": 4, "missing_branches": 0, "percent_branches_covered": 100.0, "percent_branches_covered_display": "100"}, "missing_lines": [24, 25, 33, 34], "excluded_lines": [], "start_line": 1, "executed_branches": [[12, 13], [12, 16], [14, 12], [14, 15]], "missing_branches": []}}}, "src\\resonance_audio_builder\\audio\\musicbrainz.py": {"executed_lines": [8, 9, 10, 12, 15, 16, 17, 20, 34, 43, 44, 46, 47, 52, 53, 54, 56, 57, 59, 62, 63, 65, 66, 69, 71, 72, 74, 75, 77, 78, 80, 83, 86, 88, 89, 90, 93, 94, 95, 96, 98, 99, 101, 102, 103, 104, 105, 106, 109, 110, 111, 112, 113, 114, 115, 117, 124, 126, 127, 128, 130, 133, 134, 136, 137, 138, 139, 141, 142, 144, 145, 146, 149, 154, 155, 157, 158, 159], "summary": {"covered_lines": 78, "num_statements": 88, "percent_covered": 85.48387096774194, "percent_covered_display": "85", "missing_lines": 10, "excluded_lines": 0, "percent_statements_covered": 88.63636363636364, "percent_statements_covered_display": "89", "num_branches": 36, "num_partial_branches": 6, "covered_branches": 28, "missing_branches": 8, "percent_branches_covered": 77.77777777777777, "percent_branches_covered_display": "78"}, "missing_lines": [24, 25, 26, 27, 28, 29, 31, 60, 81, 131], "excluded_lines": [], "executed_branches": [[43, 44], [43, 46], [53, 54], [53, 56], [59, 62], [74, 75], [74, 77], [80, 83], [93, 94], [93, 109], [98, 99], [98, 101], [101, 102], [101, 103], [103, 104], [103, 105], [105, 106], [109, 110], [109, 117], [110, 109], [110, 111], [113, 114], [130, 133], [136, 137], [136, 144], [141, 142], [157, 158], [157, 159]], "missing_branches": [[27, 28], [27, 29], [59, 60], [80, 81], [105, 93], [113, 109], [130, 131], [141, 136]], "functions": {"_rate_limited_get": {"executed_lines": [], "summary": {"covered_lines": 0, "num_statements": 7, "percent_covered": 0.0, "percent_covered_display": "0", "missing_lines": 7, "excluded_lines": 0, "percent_statements_covered": 0.0, "percent_statements_covered_display": "0", "num_branches": 2, "num_partial_branches": 0, "covered_branches": 0, "missing_branches": 2, "percent_branches_covered": 0.0, "percent_branches_covered_display": "0"}, "missing_lines": [24, 25, 26, 27, 28, 29, 31], "excluded_lines": [], "start_line": 20, "executed_branches": [], "missing_branches": [[27, 28], [27, 29]]}, "fetch_credits": {"executed_lines": [43, 44, 46, 47, 52, 53, 54, 56, 57, 59, 62, 63, 65, 66], "summary": {"covered_lines": 14, "num_statements": 15, "percent_covered": 90.47619047619048, "percent_covered_display": "90", "missing_lines": 1, "excluded_lines": 0, "percent_statements_covered": 93.33333333333333, "percent_statements_covered_display": "93", "num_branches": 6, "num_partial_branches": 1, "covered_branches": 5, "missing_branches": 1, "percent_branches_covered": 83.33333333333333, "percent_branches_covered_display": "83"}, "missing_lines": [60], "excluded_lines": [], "start_line": 34, "executed_branches": [[43, 44], [43, 46], [53, 54], [53, 56], [59, 62]], "missing_branches": [[59, 60]]}, "_get_recording_id": {"executed_lines": [71, 72, 74, 75, 77, 78, 80, 83], "summary": {"covered_lines": 8, "num_statements": 9, "percent_covered": 84.61538461538461, "percent_covered_display": "85", "missing_lines": 1, "excluded_lines": 0, "percent_statements_covered": 88.88888888888889, "percent_statements_covered_display": "89", "num_branches": 4, "num_partial_branches": 1, "covered_branches": 3, "missing_branches": 1, "percent_branches_covered": 75.0, "percent_branches_covered_display": "75"}, "missing_lines": [81], "excluded_lines": [], "start_line": 69, "executed_branches": [[74, 75], [74, 77], [80, 83]], "missing_branches": [[80, 81]]}, "_extract_credits_from_details": {"executed_lines": [88, 89, 90, 93, 94, 95, 96, 98, 99, 101, 102, 103, 104, 105, 106, 109, 110, 111, 112, 113, 114, 115, 117], "summary": {"covered_lines": 23, "num_statements": 23, "percent_covered": 94.87179487179488, "percent_covered_display": "95", "missing_lines": 0, "excluded_lines": 0, "percent_statements_covered": 100.0, "percent_statements_covered_display": "100", "num_branches": 16, "num_partial_branches": 2, "covered_branches": 14, "missing_branches": 2, "percent_branches_covered": 87.5, "percent_branches_covered_display": "88"}, "missing_lines": [], "excluded_lines": [], "start_line": 86, "executed_branches": [[93, 94], [93, 109], [98, 99], [98, 101], [101, 102], [101, 103], [103, 104], [103, 105], [105, 106], [109, 110], [109, 117], [110, 109], [110, 111], [113, 114]], "missing_branches": [[105, 93], [113, 109]]}, "_fetch_work_composers": {"executed_lines": [126, 127, 128, 130, 133, 134, 136, 137, 138, 139, 141, 142, 144, 145, 146], "summary": {"covered_lines": 15, "num_statements": 16, "percent_covered": 86.36363636363636, "percent_covered_display": "86", "missing_lines": 1, "excluded_lines": 0, "percent_statements_covered": 93.75, "percent_statements_covered_display": "94", "num_branches": 6, "num_partial_branches": 2, "covered_branches": 4, "missing_branches": 2, "percent_branches_covered": 66.66666666666667, "percent_branches_covered_display": "67"}, "missing_lines": [131], "excluded_lines": [], "start_line": 124, "executed_branches": [[130, 133], [136, 137], [136, 144], [141, 142]], "missing_branches": [[130, 131], [141, 136]]}, "get_composer_string": {"executed_lines": [154, 155, 157, 158, 159], "summary": {"covered_lines": 5, "num_statements": 5, "percent_covered": 100.0, "percent_covered_display": "100", "missing_lines": 0, "excluded_lines": 0, "percent_statements_covered": 100.0, "percent_statements_covered_display": "100", "num_branches": 2, "num_partial_branches": 0, "covered_branches": 2, "missing_branches": 0, "percent_branches_covered": 100.0, "percent_branches_covered_display": "100"}, "missing_lines": [], "excluded_lines": [], "start_line": 149, "executed_branches": [[157, 158], [157, 159]], "missing_branches": []}, "": {"executed_lines": [8, 9, 10, 12, 15, 16, 17, 20, 34, 69, 86, 124, 149], "summary": {"covered_lines": 13, "num_statements": 13, "percent_covered": 100.0, "percent_covered_display": "100", "missing_lines": 0, "excluded_lines": 0, "percent_statements_covered": 100.0, "percent_statements_covered_display": "100", "num_branches": 0, "num_partial_branches": 0, "covered_branches": 0, "missing_branches": 0, "percent_branches_covered": 100.0, "percent_branches_covered_display": "100"}, "missing_lines": [], "excluded_lines": [], "start_line": 1, "executed_branches": [], "missing_branches": []}}, "classes": {"": {"executed_lines": [8, 9, 10, 12, 15, 16, 17, 20, 34, 43, 44, 46, 47, 52, 53, 54, 56, 57, 59, 62, 63, 65, 66, 69, 71, 72, 74, 75, 77, 78, 80, 83, 86, 88, 89, 90, 93, 94, 95, 96, 98, 99, 101, 102, 103, 104, 105, 106, 109, 110, 111, 112, 113, 114, 115, 117, 124, 126, 127, 128, 130, 133, 134, 136, 137, 138, 139, 141, 142, 144, 145, 146, 149, 154, 155, 157, 158, 159], "summary": {"covered_lines": 78, "num_statements": 88, "percent_covered": 85.48387096774194, "percent_covered_display": "85", "missing_lines": 10, "excluded_lines": 0, "percent_statements_covered": 88.63636363636364, "percent_statements_covered_display": "89", "num_branches": 36, "num_partial_branches": 6, "covered_branches": 28, "missing_branches": 8, "percent_branches_covered": 77.77777777777777, "percent_branches_covered_display": "78"}, "missing_lines": [24, 25, 26, 27, 28, 29, 31, 60, 81, 131], "excluded_lines": [], "start_line": 1, "executed_branches": [[43, 44], [43, 46], [53, 54], [53, 56], [59, 62], [74, 75], [74, 77], [80, 83], [93, 94], [93, 109], [98, 99], [98, 101], [101, 102], [101, 103], [103, 104], [103, 105], [105, 106], [109, 110], [109, 117], [110, 109], [110, 111], [113, 114], [130, 133], [136, 137], [136, 144], [141, 142], [157, 158], [157, 159]], "missing_branches": [[27, 28], [27, 29], [59, 60], [80, 81], [105, 93], [113, 109], [130, 131], [141, 136]]}}}, "src\\resonance_audio_builder\\audio\\tagging.py": {"executed_lines": [1, 2, 4, 6, 7, 8, 9, 12, 15, 16, 18, 20, 24, 28, 29, 30, 31, 32, 38, 42, 43, 45, 46, 47, 48, 49, 50, 51, 52, 56, 57, 58, 64, 65, 68, 69, 70, 77, 78, 80, 81, 83, 84, 85, 86, 88, 90, 91, 92, 93, 94, 95, 96, 98, 100, 104, 106, 108, 111, 117, 119, 120, 121, 125, 128, 131, 133, 140, 147, 149, 150, 152, 156, 157, 158, 159, 160, 162, 163, 164, 165, 166, 167, 169, 173, 174, 175, 176, 177, 178, 179, 180, 181, 182, 183, 186, 187, 188, 191, 196, 198, 199, 200, 201, 206], "summary": {"covered_lines": 105, "num_statements": 148, "percent_covered": 67.96116504854369, "percent_covered_display": "68", "missing_lines": 43, "excluded_lines": 0, "percent_statements_covered": 70.94594594594595, "percent_statements_covered_display": "71", "num_branches": 58, "num_partial_branches": 21, "covered_branches": 35, "missing_branches": 23, "percent_branches_covered": 60.3448275862069, "percent_branches_covered_display": "60"}, "missing_lines": [21, 33, 34, 35, 36, 53, 54, 59, 62, 71, 72, 73, 74, 97, 99, 101, 102, 107, 109, 112, 113, 114, 115, 122, 123, 126, 129, 134, 135, 136, 137, 138, 141, 142, 143, 144, 145, 153, 170, 189, 204, 207, 208], "excluded_lines": [], "executed_branches": [[20, 24], [29, 30], [42, 43], [42, 45], [47, 48], [51, 52], [70, 77], [77, 78], [77, 80], [90, 91], [92, 93], [94, 95], [94, 96], [96, 98], [98, 100], [100, -88], [106, 108], [108, 111], [111, -104], [125, 128], [128, -117], [133, 140], [140, -131], [149, 150], [149, 152], [152, 156], [157, -156], [157, 158], [169, 173], [186, 187], [186, 188], [188, -147], [198, 199], [198, 200], [200, 201]], "missing_branches": [[20, 21], [29, -18], [34, 35], [34, 36], [47, -38], [51, -38], [70, 71], [90, 92], [92, 94], [96, 97], [98, 99], [100, 101], [106, 107], [108, 109], [111, 112], [125, 126], [128, 129], [133, 134], [140, 141], [152, 153], [169, 170], [188, 189], [200, 204]], "functions": {"MetadataWriter.__init__": {"executed_lines": [16], "summary": {"covered_lines": 1, "num_statements": 1, "percent_covered": 100.0, "percent_covered_display": "100", "missing_lines": 0, "excluded_lines": 0, "percent_statements_covered": 100.0, "percent_statements_covered_display": "100", "num_branches": 0, "num_partial_branches": 0, "covered_branches": 0, "missing_branches": 0, "percent_branches_covered": 100.0, "percent_branches_covered_display": "100"}, "missing_lines": [], "excluded_lines": [], "start_line": 15, "executed_branches": [], "missing_branches": []}, "MetadataWriter.write": {"executed_lines": [20, 24, 28, 29, 30, 31, 32], "summary": {"covered_lines": 7, "num_statements": 12, "percent_covered": 50.0, "percent_covered_display": "50", "missing_lines": 5, "excluded_lines": 0, "percent_statements_covered": 58.333333333333336, "percent_statements_covered_display": "58", "num_branches": 6, "num_partial_branches": 2, "covered_branches": 2, "missing_branches": 4, "percent_branches_covered": 33.333333333333336, "percent_branches_covered_display": "33"}, "missing_lines": [21, 33, 34, 35, 36], "excluded_lines": [], "start_line": 18, "executed_branches": [[20, 24], [29, 30]], "missing_branches": [[20, 21], [29, -18], [34, 35], [34, 36]]}, "MetadataWriter._enrich_metadata": {"executed_lines": [42, 43, 45, 46, 47, 48, 49, 50, 51, 52], "summary": {"covered_lines": 10, "num_statements": 12, "percent_covered": 77.77777777777777, "percent_covered_display": "78", "missing_lines": 2, "excluded_lines": 0, "percent_statements_covered": 83.33333333333333, "percent_statements_covered_display": "83", "num_branches": 6, "num_partial_branches": 2, "covered_branches": 4, "missing_branches": 2, "percent_branches_covered": 66.66666666666667, "percent_branches_covered_display": "67"}, "missing_lines": [53, 54], "excluded_lines": [], "start_line": 38, "executed_branches": [[42, 43], [42, 45], [47, 48], [51, 52]], "missing_branches": [[47, -38], [51, -38]]}, "MetadataWriter._write_m4a_tags": {"executed_lines": [57, 58, 64, 65, 68, 69, 70, 77, 78, 80, 81], "summary": {"covered_lines": 11, "num_statements": 17, "percent_covered": 66.66666666666667, "percent_covered_display": "67", "missing_lines": 6, "excluded_lines": 0, "percent_statements_covered": 64.70588235294117, "percent_statements_covered_display": "65", "num_branches": 4, "num_partial_branches": 1, "covered_branches": 3, "missing_branches": 1, "percent_branches_covered": 75.0, "percent_branches_covered_display": "75"}, "missing_lines": [59, 62, 71, 72, 73, 74], "excluded_lines": [], "start_line": 56, "executed_branches": [[70, 77], [77, 78], [77, 80]], "missing_branches": [[70, 71]]}, "MetadataWriter._write_m4a_basic_tags": {"executed_lines": [84, 85, 86], "summary": {"covered_lines": 3, "num_statements": 3, "percent_covered": 100.0, "percent_covered_display": "100", "missing_lines": 0, "excluded_lines": 0, "percent_statements_covered": 100.0, "percent_statements_covered_display": "100", "num_branches": 0, "num_partial_branches": 0, "covered_branches": 0, "missing_branches": 0, "percent_branches_covered": 100.0, "percent_branches_covered_display": "100"}, "missing_lines": [], "excluded_lines": [], "start_line": 83, "executed_branches": [], "missing_branches": []}, "MetadataWriter._write_m4a_text_tags": {"executed_lines": [90, 91, 92, 93, 94, 95, 96, 98, 100], "summary": {"covered_lines": 9, "num_statements": 13, "percent_covered": 64.0, "percent_covered_display": "64", "missing_lines": 4, "excluded_lines": 0, "percent_statements_covered": 69.23076923076923, "percent_statements_covered_display": "69", "num_branches": 12, "num_partial_branches": 5, "covered_branches": 7, "missing_branches": 5, "percent_branches_covered": 58.333333333333336, "percent_branches_covered_display": "58"}, "missing_lines": [97, 99, 101, 102], "excluded_lines": [], "start_line": 88, "executed_branches": [[90, 91], [92, 93], [94, 95], [94, 96], [96, 98], [98, 100], [100, -88]], "missing_branches": [[90, 92], [92, 94], [96, 97], [98, 99], [100, 101]]}, "MetadataWriter._write_m4a_copyright_tags": {"executed_lines": [106, 108, 111], "summary": {"covered_lines": 3, "num_statements": 9, "percent_covered": 40.0, "percent_covered_display": "40", "missing_lines": 6, "excluded_lines": 0, "percent_statements_covered": 33.333333333333336, "percent_statements_covered_display": "33", "num_branches": 6, "num_partial_branches": 3, "covered_branches": 3, "missing_branches": 3, "percent_branches_covered": 50.0, "percent_branches_covered_display": "50"}, "missing_lines": [107, 109, 112, 113, 114, 115], "excluded_lines": [], "start_line": 104, "executed_branches": [[106, 108], [108, 111], [111, -104]], "missing_branches": [[106, 107], [108, 109], [111, 112]]}, "MetadataWriter._write_m4a_tool_tags": {"executed_lines": [119, 120, 121, 125, 128], "summary": {"covered_lines": 5, "num_statements": 9, "percent_covered": 53.84615384615385, "percent_covered_display": "54", "missing_lines": 4, "excluded_lines": 0, "percent_statements_covered": 55.55555555555556, "percent_statements_covered_display": "56", "num_branches": 4, "num_partial_branches": 2, "covered_branches": 2, "missing_branches": 2, "percent_branches_covered": 50.0, "percent_branches_covered_display": "50"}, "missing_lines": [122, 123, 126, 129], "excluded_lines": [], "start_line": 117, "executed_branches": [[125, 128], [128, -117]], "missing_branches": [[125, 126], [128, 129]]}, "MetadataWriter._write_m4a_numbers": {"executed_lines": [133, 140], "summary": {"covered_lines": 2, "num_statements": 12, "percent_covered": 25.0, "percent_covered_display": "25", "missing_lines": 10, "excluded_lines": 0, "percent_statements_covered": 16.666666666666668, "percent_statements_covered_display": "17", "num_branches": 4, "num_partial_branches": 2, "covered_branches": 2, "missing_branches": 2, "percent_branches_covered": 50.0, "percent_branches_covered_display": "50"}, "missing_lines": [134, 135, 136, 137, 138, 141, 142, 143, 144, 145], "excluded_lines": [], "start_line": 131, "executed_branches": [[133, 140], [140, -131]], "missing_branches": [[133, 134], [140, 141]]}, "MetadataWriter._write_m4a_extended_tags": {"executed_lines": [149, 150, 152, 156, 162, 163, 164, 165, 166, 167, 169, 173, 174, 175, 176, 177, 178, 179, 180, 181, 182, 183, 186, 187, 188], "summary": {"covered_lines": 25, "num_statements": 28, "percent_covered": 84.21052631578948, "percent_covered_display": "84", "missing_lines": 3, "excluded_lines": 0, "percent_statements_covered": 89.28571428571429, "percent_statements_covered_display": "89", "num_branches": 10, "num_partial_branches": 3, "covered_branches": 7, "missing_branches": 3, "percent_branches_covered": 70.0, "percent_branches_covered_display": "70"}, "missing_lines": [153, 170, 189], "excluded_lines": [], "start_line": 147, "executed_branches": [[149, 150], [149, 152], [152, 156], [169, 173], [186, 187], [186, 188], [188, -147]], "missing_branches": [[152, 153], [169, 170], [188, 189]]}, "MetadataWriter._write_m4a_extended_tags.set_freeform": {"executed_lines": [157, 158, 159, 160], "summary": {"covered_lines": 4, "num_statements": 4, "percent_covered": 100.0, "percent_covered_display": "100", "missing_lines": 0, "excluded_lines": 0, "percent_statements_covered": 100.0, "percent_statements_covered_display": "100", "num_branches": 2, "num_partial_branches": 0, "covered_branches": 2, "missing_branches": 0, "percent_branches_covered": 100.0, "percent_branches_covered_display": "100"}, "missing_lines": [], "excluded_lines": [], "start_line": 156, "executed_branches": [[157, -156], [157, 158]], "missing_branches": []}, "MetadataWriter._embed_cover_m4a": {"executed_lines": [196, 198, 199, 200, 201, 206], "summary": {"covered_lines": 6, "num_statements": 9, "percent_covered": 69.23076923076923, "percent_covered_display": "69", "missing_lines": 3, "excluded_lines": 0, "percent_statements_covered": 66.66666666666667, "percent_statements_covered_display": "67", "num_branches": 4, "num_partial_branches": 1, "covered_branches": 3, "missing_branches": 1, "percent_branches_covered": 75.0, "percent_branches_covered_display": "75"}, "missing_lines": [204, 207, 208], "excluded_lines": [], "start_line": 191, "executed_branches": [[198, 199], [198, 200], [200, 201]], "missing_branches": [[200, 204]]}, "": {"executed_lines": [1, 2, 4, 6, 7, 8, 9, 12, 15, 18, 38, 56, 83, 88, 104, 117, 131, 147, 191], "summary": {"covered_lines": 19, "num_statements": 19, "percent_covered": 100.0, "percent_covered_display": "100", "missing_lines": 0, "excluded_lines": 0, "percent_statements_covered": 100.0, "percent_statements_covered_display": "100", "num_branches": 0, "num_partial_branches": 0, "covered_branches": 0, "missing_branches": 0, "percent_branches_covered": 100.0, "percent_branches_covered_display": "100"}, "missing_lines": [], "excluded_lines": [], "start_line": 1, "executed_branches": [], "missing_branches": []}}, "classes": {"MetadataWriter": {"executed_lines": [16, 20, 24, 28, 29, 30, 31, 32, 42, 43, 45, 46, 47, 48, 49, 50, 51, 52, 57, 58, 64, 65, 68, 69, 70, 77, 78, 80, 81, 84, 85, 86, 90, 91, 92, 93, 94, 95, 96, 98, 100, 106, 108, 111, 119, 120, 121, 125, 128, 133, 140, 149, 150, 152, 156, 157, 158, 159, 160, 162, 163, 164, 165, 166, 167, 169, 173, 174, 175, 176, 177, 178, 179, 180, 181, 182, 183, 186, 187, 188, 196, 198, 199, 200, 201, 206], "summary": {"covered_lines": 86, "num_statements": 129, "percent_covered": 64.70588235294117, "percent_covered_display": "65", "missing_lines": 43, "excluded_lines": 0, "percent_statements_covered": 66.66666666666667, "percent_statements_covered_display": "67", "num_branches": 58, "num_partial_branches": 21, "covered_branches": 35, "missing_branches": 23, "percent_branches_covered": 60.3448275862069, "percent_branches_covered_display": "60"}, "missing_lines": [21, 33, 34, 35, 36, 53, 54, 59, 62, 71, 72, 73, 74, 97, 99, 101, 102, 107, 109, 112, 113, 114, 115, 122, 123, 126, 129, 134, 135, 136, 137, 138, 141, 142, 143, 144, 145, 153, 170, 189, 204, 207, 208], "excluded_lines": [], "start_line": 12, "executed_branches": [[20, 24], [29, 30], [42, 43], [42, 45], [47, 48], [51, 52], [70, 77], [77, 78], [77, 80], [90, 91], [92, 93], [94, 95], [94, 96], [96, 98], [98, 100], [100, -88], [106, 108], [108, 111], [111, -104], [125, 128], [128, -117], [133, 140], [140, -131], [149, 150], [149, 152], [152, 156], [157, -156], [157, 158], [169, 173], [186, 187], [186, 188], [188, -147], [198, 199], [198, 200], [200, 201]], "missing_branches": [[20, 21], [29, -18], [34, 35], [34, 36], [47, -38], [51, -38], [70, 71], [90, 92], [92, 94], [96, 97], [98, 99], [100, 101], [106, 107], [108, 109], [111, 112], [125, 126], [128, 129], [133, 134], [140, 141], [152, 153], [169, 170], [188, 189], [200, 204]]}, "": {"executed_lines": [1, 2, 4, 6, 7, 8, 9, 12, 15, 18, 38, 56, 83, 88, 104, 117, 131, 147, 191], "summary": {"covered_lines": 19, "num_statements": 19, "percent_covered": 100.0, "percent_covered_display": "100", "missing_lines": 0, "excluded_lines": 0, "percent_statements_covered": 100.0, "percent_statements_covered_display": "100", "num_branches": 0, "num_partial_branches": 0, "covered_branches": 0, "missing_br
[...]
ranches": 2, "num_partial_branches": 0, "covered_branches": 2, "missing_branches": 0, "percent_branches_covered": 100.0, "percent_branches_covered_display": "100"}, "missing_lines": [], "excluded_lines": [], "start_line": 50, "executed_branches": [[55, -50], [55, 56]], "missing_branches": []}, "CircuitBreaker.record_success": {"executed_lines": [60, 61, 62, 63], "summary": {"covered_lines": 4, "num_statements": 4, "percent_covered": 100.0, "percent_covered_display": "100", "missing_lines": 0, "excluded_lines": 0, "percent_statements_covered": 100.0, "percent_statements_covered_display": "100", "num_branches": 2, "num_partial_branches": 0, "covered_branches": 2, "missing_branches": 0, "percent_branches_covered": 100.0, "percent_branches_covered_display": "100"}, "missing_lines": [], "excluded_lines": [], "start_line": 58, "executed_branches": [[61, -58], [61, 62]], "missing_branches": []}, "CircuitBreaker.check": {"executed_lines": [67, 68, 69, 70, 72, 73], "summary": {"covered_lines": 6, "num_statements": 6, "percent_covered": 100.0, "percent_covered_display": "100", "missing_lines": 0, "excluded_lines": 0, "percent_statements_covered": 100.0, "percent_statements_covered_display": "100", "num_branches": 4, "num_partial_branches": 0, "covered_branches": 4, "missing_branches": 0, "percent_branches_covered": 100.0, "percent_branches_covered_display": "100"}, "missing_lines": [], "excluded_lines": [], "start_line": 65, "executed_branches": [[67, -65], [67, 68], [69, 70], [69, 72]], "missing_branches": []}, "": {"executed_lines": [1, 2, 3, 6, 9, 16, 20, 26, 34, 39, 42, 50, 58, 65], "summary": {"covered_lines": 14, "num_statements": 14, "percent_covered": 100.0, "percent_covered_display": "100", "missing_lines": 0, "excluded_lines": 0, "percent_statements_covered": 100.0, "percent_statements_covered_display": "100", "num_branches": 0, "num_partial_branches": 0, "covered_branches": 0, "missing_branches": 0, "percent_branches_covered": 100.0, "percent_branches_covered_display": "100"}, "missing_lines": [], "excluded_lines": [], "start_line": 1, "executed_branches": [], "missing_branches": []}}, "classes": {"RateLimiter": {"executed_lines": [10, 11, 12, 13, 14, 18, 22, 23, 24, 28, 29, 31, 32, 36], "summary": {"covered_lines": 14, "num_statements": 14, "percent_covered": 100.0, "percent_covered_display": "100", "missing_lines": 0, "excluded_lines": 0, "percent_statements_covered": 100.0, "percent_statements_covered_display": "100", "num_branches": 0, "num_partial_branches": 0, "covered_branches": 0, "missing_branches": 0, "percent_branches_covered": 100.0, "percent_branches_covered_display": "100"}, "missing_lines": [], "excluded_lines": [], "start_line": 6, "executed_branches": [], "missing_branches": []}, "CircuitBreaker": {"executed_lines": [43, 44, 45, 46, 47, 48, 52, 53, 54, 55, 56, 60, 61, 62, 63, 67, 68, 69, 70, 72, 73], "summary": {"covered_lines": 21, "num_statements": 21, "percent_covered": 100.0, "percent_covered_display": "100", "missing_lines": 0, "excluded_lines": 0, "percent_statements_covered": 100.0, "percent_statements_covered_display": "100", "num_branches": 8, "num_partial_branches": 0, "covered_branches": 8, "missing_branches": 0, "percent_branches_covered": 100.0, "percent_branches_covered_display": "100"}, "missing_lines": [], "excluded_lines": [], "start_line": 39, "executed_branches": [[55, -50], [55, 56], [61, -58], [61, 62], [67, -65], [67, 68], [69, 70], [69, 72]], "missing_branches": []}, "": {"executed_lines": [1, 2, 3, 6, 9, 16, 20, 26, 34, 39, 42, 50, 58, 65], "summary": {"covered_lines": 14, "num_statements": 14, "percent_covered": 100.0, "percent_covered_display": "100", "missing_lines": 0, "excluded_lines": 0, "percent_statements_covered": 100.0, "percent_statements_covered_display": "100", "num_branches": 0, "num_partial_branches": 0, "covered_branches": 0, "missing_branches": 0, "percent_branches_covered": 100.0, "percent_branches_covered_display": "100"}, "missing_lines": [], "excluded_lines": [], "start_line": 1, "executed_branches": [], "missing_branches": []}}}, "src\\resonance_audio_builder\\network\\proxies.py": {"executed_lines": [1, 2, 3, 4, 5, 6, 8, 11, 12, 15, 16, 17, 18, 19, 20, 23, 26, 28, 30, 34, 36, 37, 40, 43, 44, 45, 46, 47, 48, 50, 51, 52, 54, 55, 56, 57, 58, 59, 63, 65, 66, 69, 70, 74, 76, 101, 112, 113, 114, 115, 116, 117, 118, 121, 122, 124, 125, 129, 135, 137, 138, 140, 142, 143, 144, 145, 146], "summary": {"covered_lines": 67, "num_statements": 94, "percent_covered": 66.66666666666667, "percent_covered_display": "67", "missing_lines": 27, "excluded_lines": 0, "percent_statements_covered": 71.27659574468085, "percent_statements_covered_display": "71", "num_branches": 26, "num_partial_branches": 5, "covered_branches": 13, "missing_branches": 13, "percent_branches_covered": 50.0, "percent_branches_covered_display": "50"}, "missing_lines": [32, 60, 61, 72, 78, 79, 81, 84, 86, 89, 90, 93, 94, 96, 97, 99, 104, 105, 106, 108, 109, 110, 127, 130, 131, 132, 133], "excluded_lines": [], "executed_branches": [[51, 52], [51, 54], [56, -50], [56, 57], [58, 59], [65, 66], [65, 69], [70, 74], [124, 125], [137, 138], [142, 143], [145, -140], [145, 146]], "missing_branches": [[58, 56], [70, 72], [78, 79], [78, 81], [84, 86], [84, 93], [94, 96], [94, 99], [109, -101], [109, 110], [124, 127], [137, -135], [142, -140]], "functions": {"ProxyManager.__init__": {"executed_lines": [28], "summary": {"covered_lines": 1, "num_statements": 1, "percent_covered": 100.0, "percent_covered_display": "100", "missing_lines": 0, "excluded_lines": 0, "percent_statements_covered": 100.0, "percent_statements_covered_display": "100", "num_branches": 0, "num_partial_branches": 0, "covered_branches": 0, "missing_branches": 0, "percent_branches_covered": 100.0, "percent_branches_covered_display": "100"}, "missing_lines": [], "excluded_lines": [], "start_line": 26, "executed_branches": [], "missing_branches": []}, "ProxyManager.get_proxy": {"executed_lines": [], "summary": {"covered_lines": 0, "num_statements": 1, "percent_covered": 0.0, "percent_covered_display": "0", "missing_lines": 1, "excluded_lines": 0, "percent_statements_covered": 0.0, "percent_statements_covered_display": "0", "num_branches": 0, "num_partial_branches": 0, "covered_branches": 0, "missing_branches": 0, "percent_branches_covered": 100.0, "percent_branches_covered_display": "100"}, "missing_lines": [32], "excluded_lines": [], "start_line": 30, "executed_branches": [], "missing_branches": []}, "ProxyManager.get_requests_proxies": {"executed_lines": [36, 37], "summary": {"covered_lines": 2, "num_statements": 2, "percent_covered": 100.0, "percent_covered_display": "100", "missing_lines": 0, "excluded_lines": 0, "percent_statements_covered": 100.0, "percent_statements_covered_display": "100", "num_branches": 0, "num_partial_branches": 0, "covered_branches": 0, "missing_branches": 0, "percent_branches_covered": 100.0, "percent_branches_covered_display": "100"}, "missing_lines": [], "excluded_lines": [], "start_line": 34, "executed_branches": [], "missing_branches": []}, "SmartProxyManager.__init__": {"executed_lines": [44, 45, 46, 47, 48], "summary": {"covered_lines": 5, "num_statements": 5, "percent_covered": 100.0, "percent_covered_display": "100", "missing_lines": 0, "excluded_lines": 0, "percent_statements_covered": 100.0, "percent_statements_covered_display": "100", "num_branches": 0, "num_partial_branches": 0, "covered_branches": 0, "missing_branches": 0, "percent_branches_covered": 100.0, "percent_branches_covered_display": "100"}, "missing_lines": [], "excluded_lines": [], "start_line": 43, "executed_branches": [], "missing_branches": []}, "SmartProxyManager._load_proxies": {"executed_lines": [51, 52, 54, 55, 56, 57, 58, 59], "summary": {"covered_lines": 8, "num_statements": 10, "percent_covered": 81.25, "percent_covered_display": "81", "missing_lines": 2, "excluded_lines": 0, "percent_statements_covered": 80.0, "percent_statements_covered_display": "80", "num_branches": 6, "num_partial_branches": 1, "covered_branches": 5, "missing_branches": 1, "percent_branches_covered": 83.33333333333333, "percent_branches_covered_display": "83"}, "missing_lines": [60, 61], "excluded_lines": [], "start_line": 50, "executed_branches": [[51, 52], [51, 54], [56, -50], [56, 57], [58, 59]], "missing_branches": [[58, 56]]}, "SmartProxyManager.get_proxy_sync": {"executed_lines": [65, 66, 69, 70, 74], "summary": {"covered_lines": 5, "num_statements": 6, "percent_covered": 80.0, "percent_covered_display": "80", "missing_lines": 1, "excluded_lines": 0, "percent_statements_covered": 83.33333333333333, "percent_statements_covered_display": "83", "num_branches": 4, "num_partial_branches": 1, "covered_branches": 3, "missing_branches": 1, "percent_branches_covered": 75.0, "percent_branches_covered_display": "75"}, "missing_lines": [72], "excluded_lines": [], "start_line": 63, "executed_branches": [[65, 66], [65, 69], [70, 74]], "missing_branches": [[70, 72]]}, "SmartProxyManager.get_proxy_async": {"executed_lines": [], "summary": {"covered_lines": 0, "num_statements": 12, "percent_covered": 0.0, "percent_covered_display": "0", "missing_lines": 12, "excluded_lines": 0, "percent_statements_covered": 0.0, "percent_statements_covered_display": "0", "num_branches": 6, "num_partial_branches": 0, "covered_branches": 0, "missing_branches": 6, "percent_branches_covered": 0.0, "percent_branches_covered_display": "0"}, "missing_lines": [78, 79, 81, 84, 86, 89, 90, 93, 94, 96, 97, 99], "excluded_lines": [], "start_line": 76, "executed_branches": [], "missing_branches": [[78, 79], [78, 81], [84, 86], [84, 93], [94, 96], [94, 99]]}, "SmartProxyManager._check_all": {"executed_lines": [], "summary": {"covered_lines": 0, "num_statements": 6, "percent_covered": 0.0, "percent_covered_display": "0", "missing_lines": 6, "excluded_lines": 0, "percent_statements_covered": 0.0, "percent_statements_covered_display": "0", "num_branches": 2, "num_partial_branches": 0, "covered_branches": 0, "missing_branches": 2, "percent_branches_covered": 0.0, "percent_branches_covered_display": "0"}, "missing_lines": [104, 105, 106, 108, 109, 110], "excluded_lines": [], "start_line": 101, "executed_branches": [], "missing_branches": [[109, -101], [109, 110]]}, "SmartProxyManager._check_health": {"executed_lines": [113, 114, 115, 116, 117, 118, 121, 122, 124, 125, 129], "summary": {"covered_lines": 11, "num_statements": 16, "percent_covered": 66.66666666666667, "percent_covered_display": "67", "missing_lines": 5, "excluded_lines": 0, "percent_statements_covered": 68.75, "percent_statements_covered_display": "69", "num_branches": 2, "num_partial_branches": 1, "covered_branches": 1, "missing_branches": 1, "percent_branches_covered": 50.0, "percent_branches_covered_display": "50"}, "missing_lines": [127, 130, 131, 132, 133], "excluded_lines": [], "start_line": 112, "executed_branches": [[124, 125]], "missing_branches": [[124, 127]]}, "SmartProxyManager.mark_success": {"executed_lines": [137, 138], "summary": {"covered_lines": 2, "num_statements": 2, "percent_covered": 75.0, "percent_covered_display": "75", "missing_lines": 0, "excluded_lines": 0, "percent_statements_covered": 100.0, "percent_statements_covered_display": "100", "num_branches": 2, "num_partial_branches": 1, "covered_branches": 1, "missing_branches": 1, "percent_branches_covered": 50.0, "percent_branches_covered_display": "50"}, "missing_lines": [], "excluded_lines": [], "start_line": 135, "executed_branches": [[137, 138]], "missing_branches": [[137, -135]]}, "SmartProxyManager.mark_failure": {"executed_lines": [142, 143, 144, 145, 146], "summary": {"covered_lines": 5, "num_statements": 5, "percent_covered": 88.88888888888889, "percent_covered_display": "89", "missing_lines": 0, "excluded_lines": 0, "percent_statements_covered": 100.0, "percent_statements_covered_display": "100", "num_branches": 4, "num_partial_branches": 1, "covered_branches": 3, "missing_branches": 1, "percent_branches_covered": 75.0, "percent_branches_covered_display": "75"}, "missing_lines": [], "excluded_lines": [], "start_line": 140, "executed_branches": [[142, 143], [145, -140], [145, 146]], "missing_branches": [[142, -140]]}, "": {"executed_lines": [1, 2, 3, 4, 5, 6, 8, 11, 12, 15, 16, 17, 18, 19, 20, 23, 26, 30, 34, 40, 43, 50, 63, 76, 101, 112, 135, 140], "summary": {"covered_lines": 28, "num_statements": 28, "percent_covered": 100.0, "percent_covered_display": "100", "missing_lines": 0, "excluded_lines": 0, "percent_statements_covered": 100.0, "percent_statements_covered_display": "100", "num_branches": 0, "num_partial_branches": 0, "covered_branches": 0, "missing_branches": 0, "percent_branches_covered": 100.0, "percent_branches_covered_display": "100"}, "missing_lines": [], "excluded_lines": [], "start_line": 1, "executed_branches": [], "missing_branches": []}}, "classes": {"ProxyStats": {"executed_lines": [], "summary": {"covered_lines": 0, "num_statements": 0, "percent_covered": 100.0, "percent_covered_display": "100", "missing_lines": 0, "excluded_lines": 0, "percent_statements_covered": 100.0, "percent_statements_covered_display": "100", "num_branches": 0, "num_partial_branches": 0, "covered_branches": 0, "missing_branches": 0, "percent_branches_covered": 100.0, "percent_branches_covered_display": "100"}, "missing_lines": [], "excluded_lines": [], "start_line": 12, "executed_branches": [], "missing_branches": []}, "ProxyManager": {"executed_lines": [28, 36, 37], "summary": {"covered_lines": 3, "num_statements": 4, "percent_covered": 75.0, "percent_covered_display": "75", "missing_lines": 1, "excluded_lines": 0, "percent_statements_covered": 75.0, "percent_statements_covered_display": "75", "num_branches": 0, "num_partial_branches": 0, "covered_branches": 0, "missing_branches": 0, "percent_branches_covered": 100.0, "percent_branches_covered_display": "100"}, "missing_lines": [32], "excluded_lines": [], "start_line": 23, "executed_branches": [], "missing_branches": []}, "SmartProxyManager": {"executed_lines": [44, 45, 46, 47, 48, 51, 52, 54, 55, 56, 57, 58, 59, 65, 66, 69, 70, 74, 113, 114, 115, 116, 117, 118, 121, 122, 124, 125, 129, 137, 138, 142, 143, 144, 145, 146], "summary": {"covered_lines": 36, "num_statements": 62, "percent_covered": 55.68181818181818, "percent_covered_display": "56", "missing_lines": 26, "excluded_lines": 0, "percent_statements_covered": 58.064516129032256, "percent_statements_covered_display": "58", "num_branches": 26, "num_partial_branches": 5, "covered_branches": 13, "missing_branches": 13, "percent_branches_covered": 50.0, "percent_branches_covered_display": "50"}, "missing_lines": [60, 61, 72, 78, 79, 81, 84, 86, 89, 90, 93, 94, 96, 97, 99, 104, 105, 106, 108, 109, 110, 127, 130, 131, 132, 133], "excluded_lines": [], "start_line": 40, "executed_branches": [[51, 52], [51, 54], [56, -50], [56, 57], [58, 59], [65, 66], [65, 69], [70, 74], [124, 125], [137, 138], [142, 143], [145, -140], [145, 146]], "missing_branches": [[58, 56], [70, 72], [78, 79], [78, 81], [84, 86], [84, 93], [94, 96], [94, 99], [109, -101], [109, 110], [124, 127], [137, -135], [142, -140]]}, "": {"executed_lines": [1, 2, 3, 4, 5, 6, 8, 11, 12, 15, 16, 17, 18, 19, 20, 23, 26, 30, 34, 40, 43, 50, 63, 76, 101, 112, 135, 140], "summary": {"covered_lines": 28, "num_statements": 28, "percent_covered": 100.0, "percent_covered_display": "100", "missing_lines": 0, "excluded_lines": 0, "percent_statements_covered": 100.0, "percent_statements_covered_display": "100", "num_branches": 0, "num_partial_branches": 0, "covered_branches": 0, "missing_branches": 0, "percent_branches_covered": 100.0, "percent_branches_covered_display": "100"}, "missing_lines": [], "excluded_lines": [], "start_line": 1, "executed_branches": [], "missing_branches": []}}}, "src\\resonance_audio_builder\\network\\utils.py": {"executed_lines": [1, 2, 3, 5, 13, 15, 18, 21, 22, 23, 24, 27, 29, 30, 31, 32, 33, 34, 35], "summary": {"covered_lines": 19, "num_statements": 21, "percent_covered": 92.0, "percent_covered_display": "92", "missing_lines": 2, "excluded_lines": 0, "percent_statements_covered": 90.47619047619048, "percent_statements_covered_display": "90", "num_branches": 4, "num_partial_branches": 0, "covered_branches": 4, "missing_branches": 0, "percent_branches_covered": 100.0, "percent_branches_covered_display": "100"}, "missing_lines": [36, 37], "excluded_lines": [], "executed_branches": [[22, 23], [22, 24], [30, 31], [30, 32]], "missing_branches": [], "functions": {"get_random_user_agent": {"executed_lines": [15], "summary": {"covered_lines": 1, "num_statements": 1, "percent_covered": 100.0, "percent_covered_display": "100", "missing_lines": 0, "excluded_lines": 0, "percent_statements_covered": 100.0, "percent_statements_covered_display": "100", "num_branches": 0, "num_partial_branches": 0, "covered_branches": 0, "missing_branches": 0, "percent_branches_covered": 100.0, "percent_branches_covered_display": "100"}, "missing_lines": [], "excluded_lines": [], "start_line": 13, "executed_branches": [], "missing_branches": []}, "is_valid_ip": {"executed_lines": [21, 22, 23, 24], "summary": {"covered_lines": 4, "num_statements": 4, "percent_covered": 100.0, "percent_covered_display": "100", "missing_lines": 0, "excluded_lines": 0, "percent_statements_covered": 100.0, "percent_statements_covered_display": "100", "num_branches": 2, "num_partial_branches": 0, "covered_branches": 2, "missing_branches": 0, "percent_branches_covered": 100.0, "percent_branches_covered_display": "100"}, "missing_lines": [], "excluded_lines": [], "start_line": 18, "executed_branches": [[22, 23], [22, 24]], "missing_branches": []}, "validate_cookies_file": {"executed_lines": [29, 30, 31, 32, 33, 34, 35], "summary": {"covered_lines": 7, "num_statements": 9, "percent_covered": 81.81818181818181, "percent_covered_display": "82", "missing_lines": 2, "excluded_lines": 0, "percent_statements_covered": 77.77777777777777, "percent_statements_covered_display": "78", "num_branches": 2, "num_partial_branches": 0, "covered_branches": 2, "missing_branches": 0, "percent_branches_covered": 100.0, "percent_branches_covered_display": "100"}, "missing_lines": [36, 37], "excluded_lines": [], "start_line": 27, "executed_branches": [[30, 31], [30, 32]], "missing_branches": []}, "": {"executed_lines": [1, 2, 3, 5, 13, 18, 27], "summary": {"covered_lines": 7, "num_statements": 7, "percent_covered": 100.0, "percent_covered_display": "100", "missing_lines": 0, "excluded_lines": 0, "percent_statements_covered": 100.0, "percent_statements_covered_display": "100", "num_branches": 0, "num_partial_branches": 0, "covered_branches": 0, "missing_branches": 0, "percent_branches_covered": 100.0, "percent_branches_covered_display": "100"}, "missing_lines": [], "excluded_lines": [], "start_line": 1, "executed_branches": [], "missing_branches": []}}, "classes": {"": {"executed_lines": [1, 2, 3, 5, 13, 15, 18, 21, 22, 23, 24, 27, 29, 30, 31, 32, 33, 34, 35], "summary": {"covered_lines": 19, "num_statements": 21, "percent_covered": 92.0, "percent_covered_display": "92", "missing_lines": 2, "excluded_lines": 0, "percent_statements_covered": 90.47619047619048, "percent_statements_covered_display": "90", "num_branches": 4, "num_partial_branches": 0, "covered_branches": 4, "missing_branches": 0, "percent_branches_covered": 100.0, "percent_branches_covered_display": "100"}, "missing_lines": [36, 37], "excluded_lines": [], "start_line": 1, "executed_branches": [[22, 23], [22, 24], [30, 31], [30, 32]], "missing_branches": []}}}}, "totals": {"covered_lines": 1785, "num_statements": 2277, "percent_covered": 74.49983045100034, "percent_covered_display": "74", "missing_lines": 492, "excluded_lines": 0, "percent_statements_covered": 78.39262187088273, "percent_statements_covered_display": "78", "num_branches": 672, "num_partial_branches": 140, "covered_branches": 412, "missing_branches": 260, "percent_branches_covered": 61.30952380952381, "percent_branches_covered_display": "61"}}